====packet No. 1====
packet size: 48
Time: 0.0
==ethernet:
    dst: 0x0024989c1349    src: 0x001e4fd7b890
    type: 0x0800
==IP:
Protocol: UDP(0x11)
source: 172.31.202.77    destination: 38.107.161.94
==UDP:
    source port: 15005    dst port: 4665
    length: 14


====packet No. 2====
packet size: 76
Time: 0.281159
==ethernet:
    dst: 0x001e4fd7b890    src: 0x0024989c1349
    type: 0x0800
==IP:
Protocol: UDP(0x11)
source: 38.107.161.94    destination: 172.31.202.77
==UDP:
    source port: 4665    dst port: 15005
    length: 42


====packet No. 3====
packet size: 77
Time: 2.770157
==ethernet:
    dst: 0x0024989c1349    src: 0x001e4fd7b890
    type: 0x0800
==IP:
Protocol: UDP(0x11)
source: 172.31.202.77    destination: 175.182.20.240
==UDP:
    source port: 20822    dst port: 4672
    length: 43


====packet No. 4====
packet size: 77
Time: 2.770577
==ethernet:
    dst: 0x0024989c1349    src: 0x001e4fd7b890
    type: 0x0800
==IP:
Protocol: UDP(0x11)
source: 172.31.202.77    destination: 84.30.221.179
==UDP:
    source port: 20822    dst port: 4672
    length: 43


====packet No. 6====
packet size: 57
Time: 2.770983
==ethernet:
    dst: 0x0024989c1349    src: 0x001e4fd7b890
    type: 0x0800
==IP:
Protocol: UDP(0x11)
source: 172.31.202.77    destination: 38.107.160.2
==UDP:
    source port: 15005    dst port: 4665
    length: 23


====packet No. 7====
packet size: 57
Time: 2.771083
==ethernet:
    dst: 0x0024989c1349    src: 0x001e4fd7b890
    type: 0x0800
==IP:
Protocol: UDP(0x11)
source: 172.31.202.77    destination: 38.107.160.3
==UDP:
    source port: 15005    dst port: 4665
    length: 23


====packet No. 8====
packet size: 57
Time: 2.771399
==ethernet:
    dst: 0x0024989c1349    src: 0x001e4fd7b890
    type: 0x0800
==IP:
Protocol: UDP(0x11)
source: 172.31.202.77    destination: 38.107.161.13
==UDP:
    source port: 15005    dst port: 4665
    length: 23


====packet No. 9====
packet size: 57
Time: 2.771497
==ethernet:
    dst: 0x0024989c1349    src: 0x001e4fd7b890
    type: 0x0800
==IP:
Protocol: UDP(0x11)
source: 172.31.202.77    destination: 38.107.162.14
==UDP:
    source port: 15005    dst port: 4665
    length: 23


====packet No. 10====
packet size: 57
Time: 2.771612
==ethernet:
    dst: 0x0024989c1349    src: 0x001e4fd7b890
    type: 0x0800
==IP:
Protocol: UDP(0x11)
source: 172.31.202.77    destination: 38.107.162.15
==UDP:
    source port: 15005    dst port: 4665
    length: 23


====packet No. 11====
packet size: 57
Time: 2.771714
==ethernet:
    dst: 0x0024989c1349    src: 0x001e4fd7b890
    type: 0x0800
==IP:
Protocol: UDP(0x11)
source: 172.31.202.77    destination: 38.107.162.16
==UDP:
    source port: 15005    dst port: 4665
    length: 23


====packet No. 12====
packet size: 57
Time: 2.771812
==ethernet:
    dst: 0x0024989c1349    src: 0x001e4fd7b890
    type: 0x0800
==IP:
Protocol: UDP(0x11)
source: 172.31.202.77    destination: 38.107.162.17
==UDP:
    source port: 15005    dst port: 4665
    length: 23


====packet No. 13====
packet size: 57
Time: 2.772123
==ethernet:
    dst: 0x0024989c1349    src: 0x001e4fd7b890
    type: 0x0800
==IP:
Protocol: UDP(0x11)
source: 172.31.202.77    destination: 38.107.160.24
==UDP:
    source port: 15005    dst port: 4665
    length: 23


====packet No. 14====
packet size: 57
Time: 2.772219
==ethernet:
    dst: 0x0024989c1349    src: 0x001e4fd7b890
    type: 0x0800
==IP:
Protocol: UDP(0x11)
source: 172.31.202.77    destination: 38.107.161.26
==UDP:
    source port: 15005    dst port: 4665
    length: 23


====packet No. 15====
packet size: 57
Time: 2.772315
==ethernet:
    dst: 0x0024989c1349    src: 0x001e4fd7b890
    type: 0x0800
==IP:
Protocol: UDP(0x11)
source: 172.31.202.77    destination: 38.107.162.28
==UDP:
    source port: 15005    dst port: 4665
    length: 23


====packet No. 16====
packet size: 57
Time: 2.772425
==ethernet:
    dst: 0x0024989c1349    src: 0x001e4fd7b890
    type: 0x0800
==IP:
Protocol: UDP(0x11)
source: 172.31.202.77    destination: 38.107.162.29
==UDP:
    source port: 15005    dst port: 4665
    length: 23


====packet No. 17====
packet size: 57
Time: 2.772618
==ethernet:
    dst: 0x0024989c1349    src: 0x001e4fd7b890
    type: 0x0800
==IP:
Protocol: UDP(0x11)
source: 172.31.202.77    destination: 38.107.160.41
==UDP:
    source port: 15005    dst port: 4665
    length: 23


====packet No. 18====
packet size: 57
Time: 2.772713
==ethernet:
    dst: 0x0024989c1349    src: 0x001e4fd7b890
    type: 0x0800
==IP:
Protocol: UDP(0x11)
source: 172.31.202.77    destination: 38.107.160.42
==UDP:
    source port: 15005    dst port: 4665
    length: 23


====packet No. 19====
packet size: 57
Time: 2.772823
==ethernet:
    dst: 0x0024989c1349    src: 0x001e4fd7b890
    type: 0x0800
==IP:
Protocol: UDP(0x11)
source: 172.31.202.77    destination: 38.107.160.43
==UDP:
    source port: 15005    dst port: 4665
    length: 23


====packet No. 20====
packet size: 57
Time: 2.772919
==ethernet:
    dst: 0x0024989c1349    src: 0x001e4fd7b890
    type: 0x0800
==IP:
Protocol: UDP(0x11)
source: 172.31.202.77    destination: 38.107.160.44
==UDP:
    source port: 15005    dst port: 4665
    length: 23


====packet No. 21====
packet size: 57
Time: 2.773013
==ethernet:
    dst: 0x0024989c1349    src: 0x001e4fd7b890
    type: 0x0800
==IP:
Protocol: UDP(0x11)
source: 172.31.202.77    destination: 38.107.160.45
==UDP:
    source port: 15005    dst port: 4665
    length: 23


====packet No. 22====
packet size: 57
Time: 2.773219
==ethernet:
    dst: 0x0024989c1349    src: 0x001e4fd7b890
    type: 0x0800
==IP:
Protocol: UDP(0x11)
source: 172.31.202.77    destination: 38.107.160.46
==UDP:
    source port: 15005    dst port: 4665
    length: 23


====packet No. 23====
packet size: 57
Time: 2.773411
==ethernet:
    dst: 0x0024989c1349    src: 0x001e4fd7b890
    type: 0x0800
==IP:
Protocol: UDP(0x11)
source: 172.31.202.77    destination: 38.107.161.48
==UDP:
    source port: 15005    dst port: 4665
    length: 23


====packet No. 24====
packet size: 57
Time: 2.773506
==ethernet:
    dst: 0x0024989c1349    src: 0x001e4fd7b890
    type: 0x0800
==IP:
Protocol: UDP(0x11)
source: 172.31.202.77    destination: 38.107.161.49
==UDP:
    source port: 15005    dst port: 4665
    length: 23


====packet No. 25====
packet size: 57
Time: 2.773616
==ethernet:
    dst: 0x0024989c1349    src: 0x001e4fd7b890
    type: 0x0800
==IP:
Protocol: UDP(0x11)
source: 172.31.202.77    destination: 38.107.161.50
==UDP:
    source port: 15005    dst port: 4665
    length: 23


====packet No. 26====
packet size: 57
Time: 2.773713
==ethernet:
    dst: 0x0024989c1349    src: 0x001e4fd7b890
    type: 0x0800
==IP:
Protocol: UDP(0x11)
source: 172.31.202.77    destination: 38.107.161.51
==UDP:
    source port: 15005    dst port: 4665
    length: 23


====packet No. 27====
packet size: 57
Time: 2.774016
==ethernet:
    dst: 0x0024989c1349    src: 0x001e4fd7b890
    type: 0x0800
==IP:
Protocol: UDP(0x11)
source: 172.31.202.77    destination: 38.107.161.56
==UDP:
    source port: 15005    dst port: 4665
    length: 23


====packet No. 28====
packet size: 57
Time: 2.774121
==ethernet:
    dst: 0x0024989c1349    src: 0x001e4fd7b890
    type: 0x0800
==IP:
Protocol: UDP(0x11)
source: 172.31.202.77    destination: 38.107.160.62
==UDP:
    source port: 15005    dst port: 4665
    length: 23


====packet No. 29====
packet size: 57
Time: 2.774217
==ethernet:
    dst: 0x0024989c1349    src: 0x001e4fd7b890
    type: 0x0800
==IP:
Protocol: UDP(0x11)
source: 172.31.202.77    destination: 38.107.160.63
==UDP:
    source port: 15005    dst port: 4665
    length: 23


====packet No. 30====
packet size: 57
Time: 2.774312
==ethernet:
    dst: 0x0024989c1349    src: 0x001e4fd7b890
    type: 0x0800
==IP:
Protocol: UDP(0x11)
source: 172.31.202.77    destination: 38.107.160.64
==UDP:
    source port: 15005    dst port: 4665
    length: 23


====packet No. 31====
packet size: 57
Time: 2.775725
==ethernet:
    dst: 0x0024989c1349    src: 0x001e4fd7b890
    type: 0x0800
==IP:
Protocol: UDP(0x11)
source: 172.31.202.77    destination: 38.107.161.81
==UDP:
    source port: 15005    dst port: 4665
    length: 23


====packet No. 32====
packet size: 57
Time: 2.776029
==ethernet:
    dst: 0x0024989c1349    src: 0x001e4fd7b890
    type: 0x0800
==IP:
Protocol: UDP(0x11)
source: 172.31.202.77    destination: 38.107.161.82
==UDP:
    source port: 15005    dst port: 4665
    length: 23


====packet No. 33====
packet size: 57
Time: 2.776319
==ethernet:
    dst: 0x0024989c1349    src: 0x001e4fd7b890
    type: 0x0800
==IP:
Protocol: UDP(0x11)
source: 172.31.202.77    destination: 38.107.161.83
==UDP:
    source port: 15005    dst port: 4665
    length: 23


====packet No. 34====
packet size: 57
Time: 2.776632
==ethernet:
    dst: 0x0024989c1349    src: 0x001e4fd7b890
    type: 0x0800
==IP:
Protocol: UDP(0x11)
source: 172.31.202.77    destination: 38.107.161.84
==UDP:
    source port: 15005    dst port: 4665
    length: 23


====packet No. 35====
packet size: 57
Time: 2.776849
==ethernet:
    dst: 0x0024989c1349    src: 0x001e4fd7b890
    type: 0x0800
==IP:
Protocol: UDP(0x11)
source: 172.31.202.77    destination: 38.107.161.85
==UDP:
    source port: 15005    dst port: 4665
    length: 23


====packet No. 36====
packet size: 57
Time: 2.776948
==ethernet:
    dst: 0x0024989c1349    src: 0x001e4fd7b890
    type: 0x0800
==IP:
Protocol: UDP(0x11)
source: 172.31.202.77    destination: 38.107.161.86
==UDP:
    source port: 15005    dst port: 4665
    length: 23


====packet No. 37====
packet size: 57
Time: 2.777045
==ethernet:
    dst: 0x0024989c1349    src: 0x001e4fd7b890
    type: 0x0800
==IP:
Protocol: UDP(0x11)
source: 172.31.202.77    destination: 38.107.161.87
==UDP:
    source port: 15005    dst port: 4665
    length: 23


====packet No. 38====
packet size: 57
Time: 2.777142
==ethernet:
    dst: 0x0024989c1349    src: 0x001e4fd7b890
    type: 0x0800
==IP:
Protocol: UDP(0x11)
source: 172.31.202.77    destination: 38.107.161.88
==UDP:
    source port: 15005    dst port: 4665
    length: 23


====packet No. 39====
packet size: 57
Time: 2.777243
==ethernet:
    dst: 0x0024989c1349    src: 0x001e4fd7b890
    type: 0x0800
==IP:
Protocol: UDP(0x11)
source: 172.31.202.77    destination: 38.107.161.89
==UDP:
    source port: 15005    dst port: 4665
    length: 23


====packet No. 40====
packet size: 57
Time: 2.777328
==ethernet:
    dst: 0x0024989c1349    src: 0x001e4fd7b890
    type: 0x0800
==IP:
Protocol: UDP(0x11)
source: 172.31.202.77    destination: 38.107.161.90
==UDP:
    source port: 15005    dst port: 4665
    length: 23


====packet No. 41====
packet size: 57
Time: 2.777412
==ethernet:
    dst: 0x0024989c1349    src: 0x001e4fd7b890
    type: 0x0800
==IP:
Protocol: UDP(0x11)
source: 172.31.202.77    destination: 38.107.161.91
==UDP:
    source port: 15005    dst port: 4665
    length: 23


====packet No. 42====
packet size: 57
Time: 2.777493
==ethernet:
    dst: 0x0024989c1349    src: 0x001e4fd7b890
    type: 0x0800
==IP:
Protocol: UDP(0x11)
source: 172.31.202.77    destination: 38.107.161.92
==UDP:
    source port: 15005    dst port: 4665
    length: 23


====packet No. 43====
packet size: 57
Time: 2.777576
==ethernet:
    dst: 0x0024989c1349    src: 0x001e4fd7b890
    type: 0x0800
==IP:
Protocol: UDP(0x11)
source: 172.31.202.77    destination: 38.107.161.93
==UDP:
    source port: 15005    dst port: 4665
    length: 23


====packet No. 44====
packet size: 57
Time: 2.777666
==ethernet:
    dst: 0x0024989c1349    src: 0x001e4fd7b890
    type: 0x0800
==IP:
Protocol: UDP(0x11)
source: 172.31.202.77    destination: 38.107.161.94
==UDP:
    source port: 15005    dst port: 4665
    length: 23


====packet No. 45====
packet size: 57
Time: 2.777759
==ethernet:
    dst: 0x0024989c1349    src: 0x001e4fd7b890
    type: 0x0800
==IP:
Protocol: UDP(0x11)
source: 172.31.202.77    destination: 38.107.161.95
==UDP:
    source port: 15005    dst port: 4665
    length: 23


====packet No. 46====
packet size: 57
Time: 2.777853
==ethernet:
    dst: 0x0024989c1349    src: 0x001e4fd7b890
    type: 0x0800
==IP:
Protocol: UDP(0x11)
source: 172.31.202.77    destination: 38.107.161.96
==UDP:
    source port: 15005    dst port: 4665
    length: 23


====packet No. 47====
packet size: 57
Time: 2.777962
==ethernet:
    dst: 0x0024989c1349    src: 0x001e4fd7b890
    type: 0x0800
==IP:
Protocol: UDP(0x11)
source: 172.31.202.77    destination: 38.107.161.97
==UDP:
    source port: 15005    dst port: 4665
    length: 23


====packet No. 48====
packet size: 57
Time: 2.778469
==ethernet:
    dst: 0x0024989c1349    src: 0x001e4fd7b890
    type: 0x0800
==IP:
Protocol: UDP(0x11)
source: 172.31.202.77    destination: 38.107.161.109
==UDP:
    source port: 15005    dst port: 4665
    length: 23


====packet No. 49====
packet size: 57
Time: 2.778566
==ethernet:
    dst: 0x0024989c1349    src: 0x001e4fd7b890
    type: 0x0800
==IP:
Protocol: UDP(0x11)
source: 172.31.202.77    destination: 38.107.161.110
==UDP:
    source port: 15005    dst port: 4665
    length: 23


====packet No. 50====
packet size: 57
Time: 2.778777
==ethernet:
    dst: 0x0024989c1349    src: 0x001e4fd7b890
    type: 0x0800
==IP:
Protocol: UDP(0x11)
source: 172.31.202.77    destination: 38.107.161.111
==UDP:
    source port: 15005    dst port: 4665
    length: 23


====packet No. 51====
packet size: 57
Time: 2.778873
==ethernet:
    dst: 0x0024989c1349    src: 0x001e4fd7b890
    type: 0x0800
==IP:
Protocol: UDP(0x11)
source: 172.31.202.77    destination: 38.107.161.112
==UDP:
    source port: 15005    dst port: 4665
    length: 23


====packet No. 52====
packet size: 57
Time: 2.778969
==ethernet:
    dst: 0x0024989c1349    src: 0x001e4fd7b890
    type: 0x0800
==IP:
Protocol: UDP(0x11)
source: 172.31.202.77    destination: 38.107.161.113
==UDP:
    source port: 15005    dst port: 4665
    length: 23


====packet No. 53====
packet size: 57
Time: 2.779065
==ethernet:
    dst: 0x0024989c1349    src: 0x001e4fd7b890
    type: 0x0800
==IP:
Protocol: UDP(0x11)
source: 172.31.202.77    destination: 38.107.161.114
==UDP:
    source port: 15005    dst port: 4665
    length: 23


====packet No. 54====
packet size: 57
Time: 2.779692
==ethernet:
    dst: 0x0024989c1349    src: 0x001e4fd7b890
    type: 0x0800
==IP:
Protocol: UDP(0x11)
source: 172.31.202.77    destination: 38.107.161.136
==UDP:
    source port: 15005    dst port: 4665
    length: 23


====packet No. 55====
packet size: 57
Time: 2.780299
==ethernet:
    dst: 0x0024989c1349    src: 0x001e4fd7b890
    type: 0x0800
==IP:
Protocol: UDP(0x11)
source: 172.31.202.77    destination: 38.107.161.157
==UDP:
    source port: 15005    dst port: 4665
    length: 23


====packet No. 56====
packet size: 57
Time: 2.780412
==ethernet:
    dst: 0x0024989c1349    src: 0x001e4fd7b890
    type: 0x0800
==IP:
Protocol: UDP(0x11)
source: 172.31.202.77    destination: 38.107.160.179
==UDP:
    source port: 15005    dst port: 4665
    length: 23


====packet No. 57====
packet size: 57
Time: 2.780514
==ethernet:
    dst: 0x0024989c1349    src: 0x001e4fd7b890
    type: 0x0800
==IP:
Protocol: UDP(0x11)
source: 172.31.202.77    destination: 38.107.160.180
==UDP:
    source port: 15005    dst port: 4665
    length: 23


====packet No. 58====
packet size: 57
Time: 2.780612
==ethernet:
    dst: 0x0024989c1349    src: 0x001e4fd7b890
    type: 0x0800
==IP:
Protocol: UDP(0x11)
source: 172.31.202.77    destination: 38.107.160.181
==UDP:
    source port: 15005    dst port: 4665
    length: 23


====packet No. 59====
packet size: 57
Time: 2.780821
==ethernet:
    dst: 0x0024989c1349    src: 0x001e4fd7b890
    type: 0x0800
==IP:
Protocol: UDP(0x11)
source: 172.31.202.77    destination: 38.107.160.191
==UDP:
    source port: 15005    dst port: 4665
    length: 23


====packet No. 60====
packet size: 57
Time: 2.780916
==ethernet:
    dst: 0x0024989c1349    src: 0x001e4fd7b890
    type: 0x0800
==IP:
Protocol: UDP(0x11)
source: 172.31.202.77    destination: 38.107.160.192
==UDP:
    source port: 15005    dst port: 4665
    length: 23


====packet No. 61====
packet size: 57
Time: 2.781012
==ethernet:
    dst: 0x0024989c1349    src: 0x001e4fd7b890
    type: 0x0800
==IP:
Protocol: UDP(0x11)
source: 172.31.202.77    destination: 38.107.160.193
==UDP:
    source port: 15005    dst port: 4665
    length: 23


====packet No. 62====
packet size: 57
Time: 2.78111
==ethernet:
    dst: 0x0024989c1349    src: 0x001e4fd7b890
    type: 0x0800
==IP:
Protocol: UDP(0x11)
source: 172.31.202.77    destination: 38.107.160.194
==UDP:
    source port: 15005    dst port: 4665
    length: 23


====packet No. 63====
packet size: 57
Time: 2.781318
==ethernet:
    dst: 0x0024989c1349    src: 0x001e4fd7b890
    type: 0x0800
==IP:
Protocol: UDP(0x11)
source: 172.31.202.77    destination: 38.107.160.206
==UDP:
    source port: 15005    dst port: 4665
    length: 23


====packet No. 64====
packet size: 57
Time: 2.78151
==ethernet:
    dst: 0x0024989c1349    src: 0x001e4fd7b890
    type: 0x0800
==IP:
Protocol: UDP(0x11)
source: 172.31.202.77    destination: 38.107.160.218
==UDP:
    source port: 15005    dst port: 4665
    length: 23


====packet No. 65====
packet size: 57
Time: 2.781619
==ethernet:
    dst: 0x0024989c1349    src: 0x001e4fd7b890
    type: 0x0800
==IP:
Protocol: UDP(0x11)
source: 172.31.202.77    destination: 38.107.160.219
==UDP:
    source port: 15005    dst port: 4665
    length: 23


====packet No. 66====
packet size: 57
Time: 2.781716
==ethernet:
    dst: 0x0024989c1349    src: 0x001e4fd7b890
    type: 0x0800
==IP:
Protocol: UDP(0x11)
source: 172.31.202.77    destination: 38.107.160.220
==UDP:
    source port: 15005    dst port: 4665
    length: 23


====packet No. 67====
packet size: 57
Time: 2.781812
==ethernet:
    dst: 0x0024989c1349    src: 0x001e4fd7b890
    type: 0x0800
==IP:
Protocol: UDP(0x11)
source: 172.31.202.77    destination: 38.107.160.221
==UDP:
    source port: 15005    dst port: 4665
    length: 23


====packet No. 68====
packet size: 57
Time: 2.781908
==ethernet:
    dst: 0x0024989c1349    src: 0x001e4fd7b890
    type: 0x0800
==IP:
Protocol: UDP(0x11)
source: 172.31.202.77    destination: 38.107.160.222
==UDP:
    source port: 15005    dst port: 4665
    length: 23


====packet No. 69====
packet size: 57
Time: 2.782018
==ethernet:
    dst: 0x0024989c1349    src: 0x001e4fd7b890
    type: 0x0800
==IP:
Protocol: UDP(0x11)
source: 172.31.202.77    destination: 38.107.160.224
==UDP:
    source port: 15005    dst port: 4665
    length: 23


====packet No. 70====
packet size: 57
Time: 2.782115
==ethernet:
    dst: 0x0024989c1349    src: 0x001e4fd7b890
    type: 0x0800
==IP:
Protocol: UDP(0x11)
source: 172.31.202.77    destination: 38.107.160.225
==UDP:
    source port: 15005    dst port: 4665
    length: 23


====packet No. 71====
packet size: 57
Time: 2.782309
==ethernet:
    dst: 0x0024989c1349    src: 0x001e4fd7b890
    type: 0x0800
==IP:
Protocol: UDP(0x11)
source: 172.31.202.77    destination: 38.107.160.226
==UDP:
    source port: 15005    dst port: 4665
    length: 23


====packet No. 72====
packet size: 57
Time: 2.78242
==ethernet:
    dst: 0x0024989c1349    src: 0x001e4fd7b890
    type: 0x0800
==IP:
Protocol: UDP(0x11)
source: 172.31.202.77    destination: 38.107.160.227
==UDP:
    source port: 15005    dst port: 4665
    length: 23


====packet No. 73====
packet size: 57
Time: 2.782516
==ethernet:
    dst: 0x0024989c1349    src: 0x001e4fd7b890
    type: 0x0800
==IP:
Protocol: UDP(0x11)
source: 172.31.202.77    destination: 38.107.160.228
==UDP:
    source port: 15005    dst port: 4665
    length: 23


====packet No. 74====
packet size: 57
Time: 2.782611
==ethernet:
    dst: 0x0024989c1349    src: 0x001e4fd7b890
    type: 0x0800
==IP:
Protocol: UDP(0x11)
source: 172.31.202.77    destination: 38.107.160.229
==UDP:
    source port: 15005    dst port: 4665
    length: 23


====packet No. 75====
packet size: 57
Time: 2.782818
==ethernet:
    dst: 0x0024989c1349    src: 0x001e4fd7b890
    type: 0x0800
==IP:
Protocol: UDP(0x11)
source: 172.31.202.77    destination: 38.107.160.230
==UDP:
    source port: 15005    dst port: 4665
    length: 23


====packet No. 76====
packet size: 57
Time: 2.783108
==ethernet:
    dst: 0x0024989c1349    src: 0x001e4fd7b890
    type: 0x0800
==IP:
Protocol: UDP(0x11)
source: 172.31.202.77    destination: 38.107.160.234
==UDP:
    source port: 15005    dst port: 4665
    length: 23


====packet No. 77====
packet size: 57
Time: 2.783219
==ethernet:
    dst: 0x0024989c1349    src: 0x001e4fd7b890
    type: 0x0800
==IP:
Protocol: UDP(0x11)
source: 172.31.202.77    destination: 38.107.160.235
==UDP:
    source port: 15005    dst port: 4665
    length: 23


====packet No. 78====
packet size: 57
Time: 2.783315
==ethernet:
    dst: 0x0024989c1349    src: 0x001e4fd7b890
    type: 0x0800
==IP:
Protocol: UDP(0x11)
source: 172.31.202.77    destination: 38.107.160.236
==UDP:
    source port: 15005    dst port: 4665
    length: 23


====packet No. 79====
packet size: 57
Time: 2.783411
==ethernet:
    dst: 0x0024989c1349    src: 0x001e4fd7b890
    type: 0x0800
==IP:
Protocol: UDP(0x11)
source: 172.31.202.77    destination: 38.107.160.238
==UDP:
    source port: 15005    dst port: 4665
    length: 23


====packet No. 80====
packet size: 57
Time: 2.783619
==ethernet:
    dst: 0x0024989c1349    src: 0x001e4fd7b890
    type: 0x0800
==IP:
Protocol: UDP(0x11)
source: 172.31.202.77    destination: 38.107.160.239
==UDP:
    source port: 15005    dst port: 4665
    length: 23


====packet No. 81====
packet size: 57
Time: 2.783719
==ethernet:
    dst: 0x0024989c1349    src: 0x001e4fd7b890
    type: 0x0800
==IP:
Protocol: UDP(0x11)
source: 172.31.202.77    destination: 38.107.160.240
==UDP:
    source port: 15005    dst port: 4665
    length: 23


====packet No. 82====
packet size: 57
Time: 2.783815
==ethernet:
    dst: 0x0024989c1349    src: 0x001e4fd7b890
    type: 0x0800
==IP:
Protocol: UDP(0x11)
source: 172.31.202.77    destination: 38.107.160.241
==UDP:
    source port: 15005    dst port: 4665
    length: 23


====packet No. 83====
packet size: 57
Time: 2.78391
==ethernet:
    dst: 0x0024989c1349    src: 0x001e4fd7b890
    type: 0x0800
==IP:
Protocol: UDP(0x11)
source: 172.31.202.77    destination: 38.107.160.242
==UDP:
    source port: 15005    dst port: 4665
    length: 23


====packet No. 84====
packet size: 57
Time: 2.784021
==ethernet:
    dst: 0x0024989c1349    src: 0x001e4fd7b890
    type: 0x0800
==IP:
Protocol: UDP(0x11)
source: 172.31.202.77    destination: 38.107.160.243
==UDP:
    source port: 15005    dst port: 4665
    length: 23


====packet No. 87====
packet size: 111
Time: 3.294336
==ethernet:
    dst: 0x001e4fd7b890    src: 0x0024989c1349
    type: 0x0800
==IP:
Protocol: UDP(0x11)
source: 84.30.221.179    destination: 172.31.202.77
==UDP:
    source port: 4672    dst port: 20822
    length: 77


====packet No. 88====
packet size: 62
Time: 3.294507
==ethernet:
    dst: 0x0024989c1349    src: 0x001e4fd7b890
    type: 0x0800
==IP:
Protocol: UDP(0x11)
source: 172.31.202.77    destination: 84.30.221.179
==UDP:
    source port: 20822    dst port: 4672
    length: 28


====packet No. 90====
packet size: 77
Time: 5.077461
==ethernet:
    dst: 0x0024989c1349    src: 0x001e4fd7b890
    type: 0x0800
==IP:
Protocol: UDP(0x11)
source: 172.31.202.77    destination: 112.216.172.238
==UDP:
    source port: 20822    dst port: 4672
    length: 43


====packet No. 91====
packet size: 77
Time: 5.077722
==ethernet:
    dst: 0x0024989c1349    src: 0x001e4fd7b890
    type: 0x0800
==IP:
Protocol: UDP(0x11)
source: 172.31.202.77    destination: 93.176.31.185
==UDP:
    source port: 20822    dst port: 4672
    length: 43


====packet No. 92====
packet size: 77
Time: 5.077785
==ethernet:
    dst: 0x0024989c1349    src: 0x001e4fd7b890
    type: 0x0800
==IP:
Protocol: UDP(0x11)
source: 172.31.202.77    destination: 84.72.72.211
==UDP:
    source port: 20822    dst port: 4672
    length: 43


====packet No. 93====
packet size: 77
Time: 5.077847
==ethernet:
    dst: 0x0024989c1349    src: 0x001e4fd7b890
    type: 0x0800
==IP:
Protocol: UDP(0x11)
source: 172.31.202.77    destination: 88.12.28.254
==UDP:
    source port: 20822    dst port: 4672
    length: 43


====packet No. 94====
packet size: 77
Time: 5.077922
==ethernet:
    dst: 0x0024989c1349    src: 0x001e4fd7b890
    type: 0x0800
==IP:
Protocol: UDP(0x11)
source: 172.31.202.77    destination: 78.134.19.205
==UDP:
    source port: 20822    dst port: 4672
    length: 43


====packet No. 95====
packet size: 111
Time: 5.253043
==ethernet:
    dst: 0x001e4fd7b890    src: 0x0024989c1349
    type: 0x0800
==IP:
Protocol: UDP(0x11)
source: 112.216.172.238    destination: 172.31.202.77
==UDP:
    source port: 4672    dst port: 20822
    length: 77


====packet No. 96====
packet size: 62
Time: 5.253273
==ethernet:
    dst: 0x0024989c1349    src: 0x001e4fd7b890
    type: 0x0800
==IP:
Protocol: UDP(0x11)
source: 172.31.202.77    destination: 112.216.172.238
==UDP:
    source port: 20822    dst port: 4672
    length: 28


====packet No. 97====
packet size: 111
Time: 5.517805
==ethernet:
    dst: 0x001e4fd7b890    src: 0x0024989c1349
    type: 0x0800
==IP:
Protocol: UDP(0x11)
source: 88.12.28.254    destination: 172.31.202.77
==UDP:
    source port: 4672    dst port: 20822
    length: 77


====packet No. 98====
packet size: 62
Time: 5.518051
==ethernet:
    dst: 0x0024989c1349    src: 0x001e4fd7b890
    type: 0x0800
==IP:
Protocol: UDP(0x11)
source: 172.31.202.77    destination: 88.12.28.254
==UDP:
    source port: 20822    dst port: 4672
    length: 28


====packet No. 99====
packet size: 111
Time: 5.733632
==ethernet:
    dst: 0x001e4fd7b890    src: 0x0024989c1349
    type: 0x0800
==IP:
Protocol: UDP(0x11)
source: 93.176.31.185    destination: 172.31.202.77
==UDP:
    source port: 4672    dst port: 20822
    length: 77


====packet No. 100====
packet size: 62
Time: 5.73379
==ethernet:
    dst: 0x0024989c1349    src: 0x001e4fd7b890
    type: 0x0800
==IP:
Protocol: UDP(0x11)
source: 172.31.202.77    destination: 93.176.31.185
==UDP:
    source port: 20822    dst port: 4672
    length: 28


====packet No. 101====
packet size: 111
Time: 5.937309
==ethernet:
    dst: 0x001e4fd7b890    src: 0x0024989c1349
    type: 0x0800
==IP:
Protocol: UDP(0x11)
source: 78.134.19.205    destination: 172.31.202.77
==UDP:
    source port: 4672    dst port: 20822
    length: 77


====packet No. 102====
packet size: 62
Time: 5.937524
==ethernet:
    dst: 0x0024989c1349    src: 0x001e4fd7b890
    type: 0x0800
==IP:
Protocol: UDP(0x11)
source: 172.31.202.77    destination: 78.134.19.205
==UDP:
    source port: 20822    dst port: 4672
    length: 28


====packet No. 103====
packet size: 157
Time: 6.40521
==ethernet:
    dst: 0x001e4fd7b890    src: 0x0024989c1349
    type: 0x0800
==IP:
Protocol: UDP(0x11)
source: 93.176.31.185    destination: 172.31.202.77
==UDP:
    source port: 4672    dst port: 20822
    length: 123


====packet No. 104====
packet size: 77
Time: 7.098293
==ethernet:
    dst: 0x0024989c1349    src: 0x001e4fd7b890
    type: 0x0800
==IP:
Protocol: UDP(0x11)
source: 172.31.202.77    destination: 95.31.9.131
==UDP:
    source port: 20822    dst port: 4672
    length: 43


====packet No. 105====
packet size: 111
Time: 8.015948
==ethernet:
    dst: 0x001e4fd7b890    src: 0x0024989c1349
    type: 0x0800
==IP:
Protocol: UDP(0x11)
source: 95.31.9.131    destination: 172.31.202.77
==UDP:
    source port: 4672    dst port: 20822
    length: 77


====packet No. 106====
packet size: 62
Time: 8.016113
==ethernet:
    dst: 0x0024989c1349    src: 0x001e4fd7b890
    type: 0x0800
==IP:
Protocol: UDP(0x11)
source: 172.31.202.77    destination: 95.31.9.131
==UDP:
    source port: 20822    dst port: 4672
    length: 28


====packet No. 107====
packet size: 1039
Time: 8.872553
==ethernet:
    dst: 0x001e4fd7b890    src: 0x0024989c1349
    type: 0x0800
==IP:
Protocol: UDP(0x11)
source: 95.31.9.131    destination: 172.31.202.77
==UDP:
    source port: 4672    dst port: 20822
    length: 1005


====packet No. 108====
packet size: 943
Time: 8.967052
==ethernet:
    dst: 0x001e4fd7b890    src: 0x0024989c1349
    type: 0x0800
==IP:
Protocol: UDP(0x11)
source: 95.31.9.131    destination: 172.31.202.77
==UDP:
    source port: 4672    dst port: 20822
    length: 909


====packet No. 109====
packet size: 559
Time: 9.054847
==ethernet:
    dst: 0x001e4fd7b890    src: 0x0024989c1349
    type: 0x0800
==IP:
Protocol: UDP(0x11)
source: 95.31.9.131    destination: 172.31.202.77
==UDP:
    source port: 4672    dst port: 20822
    length: 525


====packet No. 110====
packet size: 77
Time: 9.126527
==ethernet:
    dst: 0x0024989c1349    src: 0x001e4fd7b890
    type: 0x0800
==IP:
Protocol: UDP(0x11)
source: 172.31.202.77    destination: 115.192.229.215
==UDP:
    source port: 20822    dst port: 4672
    length: 43


====packet No. 111====
packet size: 77
Time: 9.126575
==ethernet:
    dst: 0x0024989c1349    src: 0x001e4fd7b890
    type: 0x0800
==IP:
Protocol: UDP(0x11)
source: 172.31.202.77    destination: 81.152.13.125
==UDP:
    source port: 20822    dst port: 4672
    length: 43


====packet No. 112====
packet size: 111
Time: 9.418731
==ethernet:
    dst: 0x001e4fd7b890    src: 0x0024989c1349
    type: 0x0800
==IP:
Protocol: UDP(0x11)
source: 115.192.229.215    destination: 172.31.202.77
==UDP:
    source port: 4672    dst port: 20822
    length: 77


====packet No. 113====
packet size: 62
Time: 9.418892
==ethernet:
    dst: 0x0024989c1349    src: 0x001e4fd7b890
    type: 0x0800
==IP:
Protocol: UDP(0x11)
source: 172.31.202.77    destination: 115.192.229.215
==UDP:
    source port: 20822    dst port: 4672
    length: 28


====packet No. 114====
packet size: 1036
Time: 9.73312
==ethernet:
    dst: 0x001e4fd7b890    src: 0x0024989c1349
    type: 0x0800
==IP:
Protocol: UDP(0x11)
source: 115.192.229.215    destination: 172.31.202.77
==UDP:
    source port: 4672    dst port: 20822
    length: 1002


====packet No. 115====
packet size: 48
Time: 10.139842
==ethernet:
    dst: 0x0024989c1349    src: 0x001e4fd7b890
    type: 0x0800
==IP:
Protocol: UDP(0x11)
source: 172.31.202.77    destination: 38.107.161.95
==UDP:
    source port: 15005    dst port: 4665
    length: 14


====packet No. 116====
packet size: 76
Time: 10.300744
==ethernet:
    dst: 0x001e4fd7b890    src: 0x0024989c1349
    type: 0x0800
==IP:
Protocol: UDP(0x11)
source: 38.107.161.95    destination: 172.31.202.77
==UDP:
    source port: 4665    dst port: 15005
    length: 42


====packet No. 117====
packet size: 77
Time: 11.154192
==ethernet:
    dst: 0x0024989c1349    src: 0x001e4fd7b890
    type: 0x0800
==IP:
Protocol: UDP(0x11)
source: 172.31.202.77    destination: 109.100.40.249
==UDP:
    source port: 20822    dst port: 4672
    length: 43


====packet No. 118====
packet size: 77
Time: 11.154313
==ethernet:
    dst: 0x0024989c1349    src: 0x001e4fd7b890
    type: 0x0800
==IP:
Protocol: UDP(0x11)
source: 172.31.202.77    destination: 188.218.216.1
==UDP:
    source port: 20822    dst port: 4672
    length: 43


====packet No. 119====
packet size: 111
Time: 11.579811
==ethernet:
    dst: 0x001e4fd7b890    src: 0x0024989c1349
    type: 0x0800
==IP:
Protocol: UDP(0x11)
source: 188.218.216.1    destination: 172.31.202.77
==UDP:
    source port: 4672    dst port: 20822
    length: 77


====packet No. 120====
packet size: 62
Time: 11.579975
==ethernet:
    dst: 0x0024989c1349    src: 0x001e4fd7b890
    type: 0x0800
==IP:
Protocol: UDP(0x11)
source: 172.31.202.77    destination: 188.218.216.1
==UDP:
    source port: 20822    dst port: 4672
    length: 28


====packet No. 121====
packet size: 111
Time: 11.768397
==ethernet:
    dst: 0x001e4fd7b890    src: 0x0024989c1349
    type: 0x0800
==IP:
Protocol: UDP(0x11)
source: 109.100.40.249    destination: 172.31.202.77
==UDP:
    source port: 4672    dst port: 20822
    length: 77


====packet No. 122====
packet size: 62
Time: 11.768616
==ethernet:
    dst: 0x0024989c1349    src: 0x001e4fd7b890
    type: 0x0800
==IP:
Protocol: UDP(0x11)
source: 172.31.202.77    destination: 109.100.40.249
==UDP:
    source port: 20822    dst port: 4672
    length: 28


====packet No. 123====
packet size: 73
Time: 12.168672
==ethernet:
    dst: 0x0024989c1349    src: 0x001e4fd7b890
    type: 0x0800
==IP:
Protocol: UDP(0x11)
source: 172.31.202.77    destination: 213.96.123.135
==UDP:
    source port: 20822    dst port: 4672
    length: 39


====packet No. 124====
packet size: 795
Time: 12.804886
==ethernet:
    dst: 0x001e4fd7b890    src: 0x0024989c1349
    type: 0x0800
==IP:
Protocol: UDP(0x11)
source: 112.216.172.238    destination: 172.31.202.77
==UDP:
    source port: 4672    dst port: 20822
    length: 761


====packet No. 125====
packet size: 77
Time: 13.182049
==ethernet:
    dst: 0x0024989c1349    src: 0x001e4fd7b890
    type: 0x0800
==IP:
Protocol: UDP(0x11)
source: 172.31.202.77    destination: 79.158.196.233
==UDP:
    source port: 20822    dst port: 4672
    length: 43


====packet No. 126====
packet size: 77
Time: 13.182253
==ethernet:
    dst: 0x0024989c1349    src: 0x001e4fd7b890
    type: 0x0800
==IP:
Protocol: UDP(0x11)
source: 172.31.202.77    destination: 92.129.117.147
==UDP:
    source port: 20822    dst port: 4672
    length: 43


====packet No. 127====
packet size: 111
Time: 13.848122
==ethernet:
    dst: 0x001e4fd7b890    src: 0x0024989c1349
    type: 0x0800
==IP:
Protocol: UDP(0x11)
source: 79.158.196.233    destination: 172.31.202.77
==UDP:
    source port: 4672    dst port: 20822
    length: 77


====packet No. 128====
packet size: 62
Time: 13.848323
==ethernet:
    dst: 0x0024989c1349    src: 0x001e4fd7b890
    type: 0x0800
==IP:
Protocol: UDP(0x11)
source: 172.31.202.77    destination: 79.158.196.233
==UDP:
    source port: 20822    dst port: 4672
    length: 28


====packet No. 129====
packet size: 111
Time: 13.858935
==ethernet:
    dst: 0x001e4fd7b890    src: 0x0024989c1349
    type: 0x0800
==IP:
Protocol: UDP(0x11)
source: 92.129.117.147    destination: 172.31.202.77
==UDP:
    source port: 4672    dst port: 20822
    length: 77


====packet No. 130====
packet size: 62
Time: 13.859121
==ethernet:
    dst: 0x0024989c1349    src: 0x001e4fd7b890
    type: 0x0800
==IP:
Protocol: UDP(0x11)
source: 172.31.202.77    destination: 92.129.117.147
==UDP:
    source port: 20822    dst port: 4672
    length: 28


====packet No. 131====
packet size: 77
Time: 14.171743
==ethernet:
    dst: 0x0024989c1349    src: 0x001e4fd7b890
    type: 0x0800
==IP:
Protocol: UDP(0x11)
source: 172.31.202.77    destination: 188.216.112.49
==UDP:
    source port: 20822    dst port: 4672
    length: 43


====packet No. 132====
packet size: 77
Time: 14.171863
==ethernet:
    dst: 0x0024989c1349    src: 0x001e4fd7b890
    type: 0x0800
==IP:
Protocol: UDP(0x11)
source: 172.31.202.77    destination: 62.98.58.201
==UDP:
    source port: 20822    dst port: 4672
    length: 43


====packet No. 133====
packet size: 77
Time: 14.171946
==ethernet:
    dst: 0x0024989c1349    src: 0x001e4fd7b890
    type: 0x0800
==IP:
Protocol: UDP(0x11)
source: 172.31.202.77    destination: 87.221.214.89
==UDP:
    source port: 20822    dst port: 4672
    length: 43


====packet No. 134====
packet size: 499
Time: 14.457366
==ethernet:
    dst: 0x001e4fd7b890    src: 0x0024989c1349
    type: 0x0800
==IP:
Protocol: UDP(0x11)
source: 79.158.196.233    destination: 172.31.202.77
==UDP:
    source port: 4672    dst port: 20822
    length: 465


====packet No. 135====
packet size: 347
Time: 14.487221
==ethernet:
    dst: 0x001e4fd7b890    src: 0x0024989c1349
    type: 0x0800
==IP:
Protocol: UDP(0x11)
source: 92.129.117.147    destination: 172.31.202.77
==UDP:
    source port: 4672    dst port: 20822
    length: 313


====packet No. 136====
packet size: 111
Time: 14.541622
==ethernet:
    dst: 0x001e4fd7b890    src: 0x0024989c1349
    type: 0x0800
==IP:
Protocol: UDP(0x11)
source: 87.221.214.89    destination: 172.31.202.77
==UDP:
    source port: 4672    dst port: 20822
    length: 77


====packet No. 137====
packet size: 62
Time: 14.541776
==ethernet:
    dst: 0x0024989c1349    src: 0x001e4fd7b890
    type: 0x0800
==IP:
Protocol: UDP(0x11)
source: 172.31.202.77    destination: 87.221.214.89
==UDP:
    source port: 20822    dst port: 4672
    length: 28


====packet No. 138====
packet size: 111
Time: 14.57075
==ethernet:
    dst: 0x001e4fd7b890    src: 0x0024989c1349
    type: 0x0800
==IP:
Protocol: UDP(0x11)
source: 188.216.112.49    destination: 172.31.202.77
==UDP:
    source port: 4672    dst port: 20822
    length: 77


====packet No. 139====
packet size: 62
Time: 14.570877
==ethernet:
    dst: 0x0024989c1349    src: 0x001e4fd7b890
    type: 0x0800
==IP:
Protocol: UDP(0x11)
source: 172.31.202.77    destination: 188.216.112.49
==UDP:
    source port: 20822    dst port: 4672
    length: 28


====packet No. 140====
packet size: 1039
Time: 15.184765
==ethernet:
    dst: 0x001e4fd7b890    src: 0x0024989c1349
    type: 0x0800
==IP:
Protocol: UDP(0x11)
source: 188.216.112.49    destination: 172.31.202.77
==UDP:
    source port: 4672    dst port: 20822
    length: 1005


====packet No. 141====
packet size: 48
Time: 15.209808
==ethernet:
    dst: 0x0024989c1349    src: 0x001e4fd7b890
    type: 0x0800
==IP:
Protocol: UDP(0x11)
source: 172.31.202.77    destination: 38.107.161.96
==UDP:
    source port: 15005    dst port: 4665
    length: 14


====packet No. 142====
packet size: 76
Time: 15.560522
==ethernet:
    dst: 0x001e4fd7b890    src: 0x0024989c1349
    type: 0x0800
==IP:
Protocol: UDP(0x11)
source: 38.107.161.96    destination: 172.31.202.77
==UDP:
    source port: 4665    dst port: 15005
    length: 42


====packet No. 143====
packet size: 77
Time: 16.224249
==ethernet:
    dst: 0x0024989c1349    src: 0x001e4fd7b890
    type: 0x0800
==IP:
Protocol: UDP(0x11)
source: 172.31.202.77    destination: 81.37.27.173
==UDP:
    source port: 20822    dst port: 4665
    length: 43


====packet No. 144====
packet size: 111
Time: 17.096052
==ethernet:
    dst: 0x001e4fd7b890    src: 0x0024989c1349
    type: 0x0800
==IP:
Protocol: UDP(0x11)
source: 81.37.27.173    destination: 172.31.202.77
==UDP:
    source port: 4665    dst port: 20822
    length: 77


====packet No. 145====
packet size: 62
Time: 17.096286
==ethernet:
    dst: 0x0024989c1349    src: 0x001e4fd7b890
    type: 0x0800
==IP:
Protocol: UDP(0x11)
source: 172.31.202.77    destination: 81.37.27.173
==UDP:
    source port: 20822    dst port: 4665
    length: 28


====packet No. 146====
packet size: 77
Time: 19.266247
==ethernet:
    dst: 0x0024989c1349    src: 0x001e4fd7b890
    type: 0x0800
==IP:
Protocol: UDP(0x11)
source: 172.31.202.77    destination: 85.61.115.88
==UDP:
    source port: 20822    dst port: 4672
    length: 43


====packet No. 147====
packet size: 111
Time: 19.707157
==ethernet:
    dst: 0x001e4fd7b890    src: 0x0024989c1349
    type: 0x0800
==IP:
Protocol: UDP(0x11)
source: 85.61.115.88    destination: 172.31.202.77
==UDP:
    source port: 4672    dst port: 20822
    length: 77


====packet No. 148====
packet size: 62
Time: 19.707301
==ethernet:
    dst: 0x0024989c1349    src: 0x001e4fd7b890
    type: 0x0800
==IP:
Protocol: UDP(0x11)
source: 172.31.202.77    destination: 85.61.115.88
==UDP:
    source port: 20822    dst port: 4672
    length: 28


====packet No. 149====
packet size: 77
Time: 19.99958
==ethernet:
    dst: 0x0024989c1349    src: 0x001e4fd7b890
    type: 0x0800
==IP:
Protocol: UDP(0x11)
source: 172.31.202.77    destination: 217.81.58.93
==UDP:
    source port: 20822    dst port: 4672
    length: 43


====packet No. 150====
packet size: 77
Time: 22.308063
==ethernet:
    dst: 0x0024989c1349    src: 0x001e4fd7b890
    type: 0x0800
==IP:
Protocol: UDP(0x11)
source: 172.31.202.77    destination: 88.251.87.21
==UDP:
    source port: 20822    dst port: 4672
    length: 43


====packet No. 151====
packet size: 111
Time: 22.893554
==ethernet:
    dst: 0x001e4fd7b890    src: 0x0024989c1349
    type: 0x0800
==IP:
Protocol: UDP(0x11)
source: 88.251.87.21    destination: 172.31.202.77
==UDP:
    source port: 4672    dst port: 20822
    length: 77


====packet No. 152====
packet size: 62
Time: 22.893727
==ethernet:
    dst: 0x0024989c1349    src: 0x001e4fd7b890
    type: 0x0800
==IP:
Protocol: UDP(0x11)
source: 172.31.202.77    destination: 88.251.87.21
==UDP:
    source port: 20822    dst port: 4672
    length: 28


====packet No. 153====
packet size: 77
Time: 23.126101
==ethernet:
    dst: 0x0024989c1349    src: 0x001e4fd7b890
    type: 0x0800
==IP:
Protocol: UDP(0x11)
source: 172.31.202.77    destination: 87.72.117.133
==UDP:
    source port: 20822    dst port: 4672
    length: 43


====packet No. 154====
packet size: 77
Time: 23.126168
==ethernet:
    dst: 0x0024989c1349    src: 0x001e4fd7b890
    type: 0x0800
==IP:
Protocol: UDP(0x11)
source: 172.31.202.77    destination: 84.35.103.139
==UDP:
    source port: 20822    dst port: 4672
    length: 43


====packet No. 155====
packet size: 77
Time: 23.126358
==ethernet:
    dst: 0x0024989c1349    src: 0x001e4fd7b890
    type: 0x0800
==IP:
Protocol: UDP(0x11)
source: 172.31.202.77    destination: 79.156.60.65
==UDP:
    source port: 20822    dst port: 4672
    length: 43


====packet No. 156====
packet size: 111
Time: 23.748794
==ethernet:
    dst: 0x001e4fd7b890    src: 0x0024989c1349
    type: 0x0800
==IP:
Protocol: UDP(0x11)
source: 79.156.60.65    destination: 172.31.202.77
==UDP:
    source port: 4672    dst port: 20822
    length: 77


====packet No. 157====
packet size: 62
Time: 23.748927
==ethernet:
    dst: 0x0024989c1349    src: 0x001e4fd7b890
    type: 0x0800
==IP:
Protocol: UDP(0x11)
source: 172.31.202.77    destination: 79.156.60.65
==UDP:
    source port: 20822    dst port: 4672
    length: 28


====packet No. 158====
packet size: 111
Time: 23.903005
==ethernet:
    dst: 0x001e4fd7b890    src: 0x0024989c1349
    type: 0x0800
==IP:
Protocol: UDP(0x11)
source: 87.72.117.133    destination: 172.31.202.77
==UDP:
    source port: 4672    dst port: 20822
    length: 77


====packet No. 159====
packet size: 62
Time: 23.903225
==ethernet:
    dst: 0x0024989c1349    src: 0x001e4fd7b890
    type: 0x0800
==IP:
Protocol: UDP(0x11)
source: 172.31.202.77    destination: 87.72.117.133
==UDP:
    source port: 20822    dst port: 4672
    length: 28


====packet No. 160====
packet size: 111
Time: 23.970914
==ethernet:
    dst: 0x001e4fd7b890    src: 0x0024989c1349
    type: 0x0800
==IP:
Protocol: UDP(0x11)
source: 84.35.103.139    destination: 172.31.202.77
==UDP:
    source port: 4672    dst port: 20822
    length: 77


====packet No. 161====
packet size: 62
Time: 23.971125
==ethernet:
    dst: 0x0024989c1349    src: 0x001e4fd7b890
    type: 0x0800
==IP:
Protocol: UDP(0x11)
source: 172.31.202.77    destination: 84.35.103.139
==UDP:
    source port: 20822    dst port: 4672
    length: 28


====packet No. 162====
packet size: 73
Time: 24.336645
==ethernet:
    dst: 0x0024989c1349    src: 0x001e4fd7b890
    type: 0x0800
==IP:
Protocol: UDP(0x11)
source: 172.31.202.77    destination: 95.18.25.66
==UDP:
    source port: 20822    dst port: 4672
    length: 39


====packet No. 163====
packet size: 77
Time: 25.24522
==ethernet:
    dst: 0x0024989c1349    src: 0x001e4fd7b890
    type: 0x0800
==IP:
Protocol: UDP(0x11)
source: 172.31.202.77    destination: 95.225.251.3
==UDP:
    source port: 20822    dst port: 4672
    length: 43


====packet No. 164====
packet size: 77
Time: 25.245419
==ethernet:
    dst: 0x0024989c1349    src: 0x001e4fd7b890
    type: 0x0800
==IP:
Protocol: UDP(0x11)
source: 172.31.202.77    destination: 62.235.192.175
==UDP:
    source port: 20822    dst port: 4672
    length: 43


====packet No. 165====
packet size: 48
Time: 25.349684
==ethernet:
    dst: 0x0024989c1349    src: 0x001e4fd7b890
    type: 0x0800
==IP:
Protocol: UDP(0x11)
source: 172.31.202.77    destination: 38.107.161.97
==UDP:
    source port: 15005    dst port: 4665
    length: 14


====packet No. 166====
packet size: 76
Time: 25.636664
==ethernet:
    dst: 0x001e4fd7b890    src: 0x0024989c1349
    type: 0x0800
==IP:
Protocol: UDP(0x11)
source: 38.107.161.97    destination: 172.31.202.77
==UDP:
    source port: 4665    dst port: 15005
    length: 42


====packet No. 167====
packet size: 111
Time: 25.770513
==ethernet:
    dst: 0x001e4fd7b890    src: 0x0024989c1349
    type: 0x0800
==IP:
Protocol: UDP(0x11)
source: 62.235.192.175    destination: 172.31.202.77
==UDP:
    source port: 4672    dst port: 20822
    length: 77


====packet No. 168====
packet size: 62
Time: 25.770757
==ethernet:
    dst: 0x0024989c1349    src: 0x001e4fd7b890
    type: 0x0800
==IP:
Protocol: UDP(0x11)
source: 172.31.202.77    destination: 62.235.192.175
==UDP:
    source port: 20822    dst port: 4672
    length: 28


====packet No. 169====
packet size: 73
Time: 36.504514
==ethernet:
    dst: 0x0024989c1349    src: 0x001e4fd7b890
    type: 0x0800
==IP:
Protocol: UDP(0x11)
source: 172.31.202.77    destination: 119.247.180.26
==UDP:
    source port: 20822    dst port: 4672
    length: 39


====packet No. 170====
packet size: 73
Time: 36.50459
==ethernet:
    dst: 0x0024989c1349    src: 0x001e4fd7b890
    type: 0x0800
==IP:
Protocol: UDP(0x11)
source: 172.31.202.77    destination: 85.251.30.87
==UDP:
    source port: 20822    dst port: 4672
    length: 39


====packet No. 171====
packet size: 582
Time: 36.95467
==ethernet:
    dst: 0x001e4fd7b890    src: 0x0024989c1349
    type: 0x0800
==IP:
Protocol: UDP(0x11)
source: 85.251.30.87    destination: 172.31.202.77
==UDP:
    source port: 4672    dst port: 20822
    length: 548


====packet No. 172====
packet size: 80
Time: 48.672233
==ethernet:
    dst: 0x0024989c1349    src: 0x001e4fd7b890
    type: 0x0800
==IP:
Protocol: UDP(0x11)
source: 172.31.202.77    destination: 84.186.121.197
==UDP:
    source port: 20822    dst port: 4672
    length: 46


====packet No. 173====
packet size: 80
Time: 48.672477
==ethernet:
    dst: 0x0024989c1349    src: 0x001e4fd7b890
    type: 0x0800
==IP:
Protocol: UDP(0x11)
source: 172.31.202.77    destination: 124.114.234.182
==UDP:
    source port: 20822    dst port: 4672
    length: 46


====packet No. 174====
packet size: 70
Time: 48.723153
==ethernet:
    dst: 0x001e4fd7b890    src: 0x0024989c1349
    type: 0x0800
==IP:
Protocol: UDP(0x11)
source: 124.114.234.182    destination: 172.31.202.77
==UDP:
    source port: 4672    dst port: 20822
    length: 36


====packet No. 175====
packet size: 44
Time: 51.25676
==ethernet:
    dst: 0x0024989c1349    src: 0x001e4fd7b890
    type: 0x0800
==IP:
Protocol: UDP(0x11)
source: 172.31.202.77    destination: 83.132.142.56
==UDP:
    source port: 20158    dst port: 4672
    length: 10


====packet No. 176====
packet size: 44
Time: 51.25681
==ethernet:
    dst: 0x0024989c1349    src: 0x001e4fd7b890
    type: 0x0800
==IP:
Protocol: UDP(0x11)
source: 172.31.202.77    destination: 85.104.69.106
==UDP:
    source port: 20158    dst port: 4672
    length: 10


====packet No. 177====
packet size: 69
Time: 53.273863
==ethernet:
    dst: 0x0024989c1349    src: 0x001e4fd7b890
    type: 0x0800
==IP:
Protocol: UDP(0x11)
source: 172.31.202.77    destination: 221.3.202.138
==UDP:
    source port: 20158    dst port: 4672
    length: 35


====packet No. 178====
packet size: 44
Time: 54.287724
==ethernet:
    dst: 0x0024989c1349    src: 0x001e4fd7b890
    type: 0x0800
==IP:
Protocol: UDP(0x11)
source: 172.31.202.77    destination: 85.250.81.243
==UDP:
    source port: 20158    dst port: 4672
    length: 10


====packet No. 179====
packet size: 44
Time: 54.288035
==ethernet:
    dst: 0x0024989c1349    src: 0x001e4fd7b890
    type: 0x0800
==IP:
Protocol: UDP(0x11)
source: 172.31.202.77    destination: 222.181.82.233
==UDP:
    source port: 20158    dst port: 4672
    length: 10


====packet No. 180====
packet size: 69
Time: 54.288088
==ethernet:
    dst: 0x0024989c1349    src: 0x001e4fd7b890
    type: 0x0800
==IP:
Protocol: UDP(0x11)
source: 172.31.202.77    destination: 222.218.11.251
==UDP:
    source port: 20158    dst port: 4672
    length: 35


====packet No. 181====
packet size: 44
Time: 55.301441
==ethernet:
    dst: 0x0024989c1349    src: 0x001e4fd7b890
    type: 0x0800
==IP:
Protocol: UDP(0x11)
source: 172.31.202.77    destination: 85.148.12.112
==UDP:
    source port: 20158    dst port: 4672
    length: 10


====packet No. 182====
packet size: 44
Time: 55.301704
==ethernet:
    dst: 0x0024989c1349    src: 0x001e4fd7b890
    type: 0x0800
==IP:
Protocol: UDP(0x11)
source: 172.31.202.77    destination: 201.235.63.95
==UDP:
    source port: 20158    dst port: 4672
    length: 10


====packet No. 183====
packet size: 44
Time: 55.301766
==ethernet:
    dst: 0x0024989c1349    src: 0x001e4fd7b890
    type: 0x0800
==IP:
Protocol: UDP(0x11)
source: 172.31.202.77    destination: 61.55.50.49
==UDP:
    source port: 20158    dst port: 4672
    length: 10


====packet No. 184====
packet size: 69
Time: 56.31558
==ethernet:
    dst: 0x0024989c1349    src: 0x001e4fd7b890
    type: 0x0800
==IP:
Protocol: UDP(0x11)
source: 172.31.202.77    destination: 222.182.103.80
==UDP:
    source port: 20158    dst port: 4672
    length: 35


====packet No. 185====
packet size: 44
Time: 56.315915
==ethernet:
    dst: 0x0024989c1349    src: 0x001e4fd7b890
    type: 0x0800
==IP:
Protocol: UDP(0x11)
source: 172.31.202.77    destination: 80.249.4.121
==UDP:
    source port: 20158    dst port: 4672
    length: 10


====packet No. 186====
packet size: 44
Time: 57.329694
==ethernet:
    dst: 0x0024989c1349    src: 0x001e4fd7b890
    type: 0x0800
==IP:
Protocol: UDP(0x11)
source: 172.31.202.77    destination: 68.56.126.9
==UDP:
    source port: 20158    dst port: 4672
    length: 10


====packet No. 187====
packet size: 77
Time: 57.375034
==ethernet:
    dst: 0x0024989c1349    src: 0x001e4fd7b890
    type: 0x0800
==IP:
Protocol: UDP(0x11)
source: 172.31.202.77    destination: 84.108.14.138
==UDP:
    source port: 20158    dst port: 4672
    length: 43


====packet No. 188====
packet size: 77
Time: 57.375295
==ethernet:
    dst: 0x0024989c1349    src: 0x001e4fd7b890
    type: 0x0800
==IP:
Protocol: UDP(0x11)
source: 172.31.202.77    destination: 84.108.14.138
==UDP:
    source port: 20158    dst port: 4672
    length: 43


====packet No. 189====
packet size: 161
Time: 57.930576
==ethernet:
    dst: 0x001e4fd7b890    src: 0x0024989c1349
    type: 0x0800
==IP:
Protocol: UDP(0x11)
source: 84.108.14.138    destination: 172.31.202.77
==UDP:
    source port: 4672    dst port: 20158
    length: 127


====packet No. 190====
packet size: 70
Time: 57.946347
==ethernet:
    dst: 0x0024989c1349    src: 0x001e4fd7b890
    type: 0x0800
==IP:
Protocol: UDP(0x11)
source: 172.31.202.77    destination: 84.108.14.138
==UDP:
    source port: 20158    dst port: 4672
    length: 36


====packet No. 191====
packet size: 77
Time: 59.358019
==ethernet:
    dst: 0x0024989c1349    src: 0x001e4fd7b890
    type: 0x0800
==IP:
Protocol: UDP(0x11)
source: 172.31.202.77    destination: 58.107.175.160
==UDP:
    source port: 20158    dst port: 4672
    length: 43


====packet No. 192====
packet size: 336
Time: 59.852978
==ethernet:
    dst: 0x001e4fd7b890    src: 0x0024989c1349
    type: 0x0800
==IP:
Protocol: UDP(0x11)
source: 58.107.175.160    destination: 172.31.202.77
==UDP:
    source port: 4672    dst port: 20158
    length: 302


====packet No. 193====
packet size: 77
Time: 61.385735
==ethernet:
    dst: 0x0024989c1349    src: 0x001e4fd7b890
    type: 0x0800
==IP:
Protocol: UDP(0x11)
source: 172.31.202.77    destination: 84.123.155.254
==UDP:
    source port: 20158    dst port: 4665
    length: 43


====packet No. 194====
packet size: 336
Time: 61.940747
==ethernet:
    dst: 0x001e4fd7b890    src: 0x0024989c1349
    type: 0x0800
==IP:
Protocol: UDP(0x11)
source: 84.123.155.254    destination: 172.31.202.77
==UDP:
    source port: 4665    dst port: 20158
    length: 302


====packet No. 195====
packet size: 77
Time: 63.41343
==ethernet:
    dst: 0x0024989c1349    src: 0x001e4fd7b890
    type: 0x0800
==IP:
Protocol: UDP(0x11)
source: 172.31.202.77    destination: 78.12.41.126
==UDP:
    source port: 20158    dst port: 4672
    length: 43


====packet No. 197====
packet size: 77
Time: 66.45533
==ethernet:
    dst: 0x0024989c1349    src: 0x001e4fd7b890
    type: 0x0800
==IP:
Protocol: UDP(0x11)
source: 172.31.202.77    destination: 92.57.241.205
==UDP:
    source port: 20158    dst port: 4672
    length: 43


====packet No. 198====
packet size: 77
Time: 67.46935
==ethernet:
    dst: 0x0024989c1349    src: 0x001e4fd7b890
    type: 0x0800
==IP:
Protocol: UDP(0x11)
source: 172.31.202.77    destination: 79.144.241.122
==UDP:
    source port: 20158    dst port: 4672
    length: 43


====packet No. 199====
packet size: 161
Time: 68.007822
==ethernet:
    dst: 0x001e4fd7b890    src: 0x0024989c1349
    type: 0x0800
==IP:
Protocol: UDP(0x11)
source: 79.144.241.122    destination: 172.31.202.77
==UDP:
    source port: 4672    dst port: 20158
    length: 127


====packet No. 200====
packet size: 70
Time: 68.008
==ethernet:
    dst: 0x0024989c1349    src: 0x001e4fd7b890
    type: 0x0800
==IP:
Protocol: UDP(0x11)
source: 172.31.202.77    destination: 79.144.241.122
==UDP:
    source port: 20158    dst port: 4672
    length: 36


====packet No. 201====
packet size: 77
Time: 71.525166
==ethernet:
    dst: 0x0024989c1349    src: 0x001e4fd7b890
    type: 0x0800
==IP:
Protocol: UDP(0x11)
source: 172.31.202.77    destination: 123.193.9.75
==UDP:
    source port: 20158    dst port: 4672
    length: 43


====packet No. 203====
packet size: 77
Time: 73.553212
==ethernet:
    dst: 0x0024989c1349    src: 0x001e4fd7b890
    type: 0x0800
==IP:
Protocol: UDP(0x11)
source: 172.31.202.77    destination: 109.89.82.194
==UDP:
    source port: 20158    dst port: 4672
    length: 43


====packet No. 204====
packet size: 161
Time: 74.15518
==ethernet:
    dst: 0x001e4fd7b890    src: 0x0024989c1349
    type: 0x0800
==IP:
Protocol: UDP(0x11)
source: 109.89.82.194    destination: 172.31.202.77
==UDP:
    source port: 4672    dst port: 20158
    length: 127


====packet No. 205====
packet size: 70
Time: 74.155633
==ethernet:
    dst: 0x0024989c1349    src: 0x001e4fd7b890
    type: 0x0800
==IP:
Protocol: UDP(0x11)
source: 172.31.202.77    destination: 109.89.82.194
==UDP:
    source port: 20158    dst port: 4672
    length: 36


====packet No. 206====
packet size: 80
Time: 79.092299
==ethernet:
    dst: 0x0024989c1349    src: 0x001e4fd7b890
    type: 0x0800
==IP:
Protocol: UDP(0x11)
source: 172.31.202.77    destination: 88.12.28.254
==UDP:
    source port: 20822    dst port: 4672
    length: 46


====packet No. 207====
packet size: 70
Time: 79.519559
==ethernet:
    dst: 0x001e4fd7b890    src: 0x0024989c1349
    type: 0x0800
==IP:
Protocol: UDP(0x11)
source: 88.12.28.254    destination: 172.31.202.77
==UDP:
    source port: 4672    dst port: 20822
    length: 36


====packet No. 208====
packet size: 48
Time: 81.119247
==ethernet:
    dst: 0x0024989c1349    src: 0x001e4fd7b890
    type: 0x0800
==IP:
Protocol: UDP(0x11)
source: 172.31.202.77    destination: 38.107.161.109
==UDP:
    source port: 15005    dst port: 4665
    length: 14


====packet No. 209====
packet size: 76
Time: 81.386431
==ethernet:
    dst: 0x001e4fd7b890    src: 0x0024989c1349
    type: 0x0800
==IP:
Protocol: UDP(0x11)
source: 38.107.161.109    destination: 172.31.202.77
==UDP:
    source port: 4665    dst port: 15005
    length: 42


====packet No. 210====
packet size: 73
Time: 85.175657
==ethernet:
    dst: 0x0024989c1349    src: 0x001e4fd7b890
    type: 0x0800
==IP:
Protocol: UDP(0x11)
source: 172.31.202.77    destination: 82.250.196.18
==UDP:
    source port: 20822    dst port: 4672
    length: 39


====packet No. 211====
packet size: 582
Time: 85.532609
==ethernet:
    dst: 0x001e4fd7b890    src: 0x0024989c1349
    type: 0x0800
==IP:
Protocol: UDP(0x11)
source: 82.250.196.18    destination: 172.31.202.77
==UDP:
    source port: 4672    dst port: 20822
    length: 548


====packet No. 212====
packet size: 77
Time: 85.721162
==ethernet:
    dst: 0x0024989c1349    src: 0x001e4fd7b890
    type: 0x0800
==IP:
Protocol: UDP(0x11)
source: 172.31.202.77    destination: 79.24.145.199
==UDP:
    source port: 20158    dst port: 4672
    length: 43


====packet No. 213====
packet size: 161
Time: 86.265144
==ethernet:
    dst: 0x001e4fd7b890    src: 0x0024989c1349
    type: 0x0800
==IP:
Protocol: UDP(0x11)
source: 79.24.145.199    destination: 172.31.202.77
==UDP:
    source port: 4672    dst port: 20158
    length: 127


====packet No. 214====
packet size: 70
Time: 86.265338
==ethernet:
    dst: 0x0024989c1349    src: 0x001e4fd7b890
    type: 0x0800
==IP:
Protocol: UDP(0x11)
source: 172.31.202.77    destination: 79.24.145.199
==UDP:
    source port: 20158    dst port: 4672
    length: 36


====packet No. 215====
packet size: 48
Time: 91.258889
==ethernet:
    dst: 0x0024989c1349    src: 0x001e4fd7b890
    type: 0x0800
==IP:
Protocol: UDP(0x11)
source: 172.31.202.77    destination: 38.107.161.110
==UDP:
    source port: 15005    dst port: 4665
    length: 14


====packet No. 216====
packet size: 80
Time: 91.260195
==ethernet:
    dst: 0x0024989c1349    src: 0x001e4fd7b890
    type: 0x0800
==IP:
Protocol: UDP(0x11)
source: 172.31.202.77    destination: 78.134.19.205
==UDP:
    source port: 20822    dst port: 4672
    length: 46


====packet No. 217====
packet size: 76
Time: 91.548432
==ethernet:
    dst: 0x001e4fd7b890    src: 0x0024989c1349
    type: 0x0800
==IP:
Protocol: UDP(0x11)
source: 38.107.161.110    destination: 172.31.202.77
==UDP:
    source port: 4665    dst port: 15005
    length: 42


====packet No. 218====
packet size: 77
Time: 91.805127
==ethernet:
    dst: 0x0024989c1349    src: 0x001e4fd7b890
    type: 0x0800
==IP:
Protocol: UDP(0x11)
source: 172.31.202.77    destination: 88.130.81.159
==UDP:
    source port: 20158    dst port: 4672
    length: 43


====packet No. 219====
packet size: 70
Time: 92.142695
==ethernet:
    dst: 0x001e4fd7b890    src: 0x0024989c1349
    type: 0x0800
==IP:
Protocol: UDP(0x11)
source: 78.134.19.205    destination: 172.31.202.77
==UDP:
    source port: 4672    dst port: 20822
    length: 36


====packet No. 220====
packet size: 161
Time: 92.321308
==ethernet:
    dst: 0x001e4fd7b890    src: 0x0024989c1349
    type: 0x0800
==IP:
Protocol: UDP(0x11)
source: 88.130.81.159    destination: 172.31.202.77
==UDP:
    source port: 4672    dst port: 20158
    length: 127


====packet No. 221====
packet size: 70
Time: 92.321788
==ethernet:
    dst: 0x0024989c1349    src: 0x001e4fd7b890
    type: 0x0800
==IP:
Protocol: UDP(0x11)
source: 172.31.202.77    destination: 88.130.81.159
==UDP:
    source port: 20158    dst port: 4672
    length: 36


====packet No. 222====
packet size: 77
Time: 94.846896
==ethernet:
    dst: 0x0024989c1349    src: 0x001e4fd7b890
    type: 0x0800
==IP:
Protocol: UDP(0x11)
source: 172.31.202.77    destination: 188.85.22.196
==UDP:
    source port: 20158    dst port: 4672
    length: 43


====packet No. 223====
packet size: 77
Time: 94.846967
==ethernet:
    dst: 0x0024989c1349    src: 0x001e4fd7b890
    type: 0x0800
==IP:
Protocol: UDP(0x11)
source: 172.31.202.77    destination: 76.95.147.82
==UDP:
    source port: 20158    dst port: 4672
    length: 43


====packet No. 224====
packet size: 77
Time: 94.847032
==ethernet:
    dst: 0x0024989c1349    src: 0x001e4fd7b890
    type: 0x0800
==IP:
Protocol: UDP(0x11)
source: 172.31.202.77    destination: 114.43.111.34
==UDP:
    source port: 20158    dst port: 4672
    length: 43


====packet No. 225====
packet size: 161
Time: 95.077124
==ethernet:
    dst: 0x001e4fd7b890    src: 0x0024989c1349
    type: 0x0800
==IP:
Protocol: UDP(0x11)
source: 76.95.147.82    destination: 172.31.202.77
==UDP:
    source port: 4672    dst port: 20158
    length: 127


====packet No. 226====
packet size: 70
Time: 95.077282
==ethernet:
    dst: 0x0024989c1349    src: 0x001e4fd7b890
    type: 0x0800
==IP:
Protocol: UDP(0x11)
source: 172.31.202.77    destination: 76.95.147.82
==UDP:
    source port: 20158    dst port: 4672
    length: 36


====packet No. 227====
packet size: 187
Time: 95.314193
==ethernet:
    dst: 0x001e4fd7b890    src: 0x0024989c1349
    type: 0x0800
==IP:
Protocol: UDP(0x11)
source: 76.95.147.82    destination: 172.31.202.77
==UDP:
    source port: 4672    dst port: 20158
    length: 153


====packet No. 228====
packet size: 161
Time: 95.33582
==ethernet:
    dst: 0x001e4fd7b890    src: 0x0024989c1349
    type: 0x0800
==IP:
Protocol: UDP(0x11)
source: 114.43.111.34    destination: 172.31.202.77
==UDP:
    source port: 4672    dst port: 20158
    length: 127


====packet No. 229====
packet size: 70
Time: 95.336019
==ethernet:
    dst: 0x0024989c1349    src: 0x001e4fd7b890
    type: 0x0800
==IP:
Protocol: UDP(0x11)
source: 172.31.202.77    destination: 114.43.111.34
==UDP:
    source port: 20158    dst port: 4672
    length: 36


====packet No. 230====
packet size: 77
Time: 101.416282
==ethernet:
    dst: 0x0024989c1349    src: 0x001e4fd7b890
    type: 0x0800
==IP:
Protocol: UDP(0x11)
source: 172.31.202.77    destination: 78.13.87.79
==UDP:
    source port: 20158    dst port: 4672
    length: 43


====packet No. 231====
packet size: 161
Time: 102.520203
==ethernet:
    dst: 0x001e4fd7b890    src: 0x0024989c1349
    type: 0x0800
==IP:
Protocol: UDP(0x11)
source: 78.13.87.79    destination: 172.31.202.77
==UDP:
    source port: 4672    dst port: 20158
    length: 127


====packet No. 232====
packet size: 70
Time: 102.520377
==ethernet:
    dst: 0x0024989c1349    src: 0x001e4fd7b890
    type: 0x0800
==IP:
Protocol: UDP(0x11)
source: 172.31.202.77    destination: 78.13.87.79
==UDP:
    source port: 20158    dst port: 4672
    length: 36


====packet No. 233====
packet size: 48
Time: 106.46872
==ethernet:
    dst: 0x0024989c1349    src: 0x001e4fd7b890
    type: 0x0800
==IP:
Protocol: UDP(0x11)
source: 172.31.202.77    destination: 38.107.161.111
==UDP:
    source port: 15005    dst port: 4665
    length: 14


====packet No. 234====
packet size: 76
Time: 106.651684
==ethernet:
    dst: 0x001e4fd7b890    src: 0x0024989c1349
    type: 0x0800
==IP:
Protocol: UDP(0x11)
source: 38.107.161.111    destination: 172.31.202.77
==UDP:
    source port: 4665    dst port: 15005
    length: 42


====packet No. 235====
packet size: 80
Time: 112.085045
==ethernet:
    dst: 0x0024989c1349    src: 0x001e4fd7b890
    type: 0x0800
==IP:
Protocol: UDP(0x11)
source: 172.31.202.77    destination: 84.123.155.254
==UDP:
    source port: 20158    dst port: 4665
    length: 46


====packet No. 236====
packet size: 80
Time: 112.085338
==ethernet:
    dst: 0x0024989c1349    src: 0x001e4fd7b890
    type: 0x0800
==IP:
Protocol: UDP(0x11)
source: 172.31.202.77    destination: 79.44.37.237
==UDP:
    source port: 20158    dst port: 4672
    length: 46


====packet No. 237====
packet size: 80
Time: 112.085646
==ethernet:
    dst: 0x0024989c1349    src: 0x001e4fd7b890
    type: 0x0800
==IP:
Protocol: UDP(0x11)
source: 172.31.202.77    destination: 213.37.158.101
==UDP:
    source port: 20158    dst port: 4665
    length: 46


====packet No. 238====
packet size: 70
Time: 112.618018
==ethernet:
    dst: 0x001e4fd7b890    src: 0x0024989c1349
    type: 0x0800
==IP:
Protocol: UDP(0x11)
source: 84.123.155.254    destination: 172.31.202.77
==UDP:
    source port: 4665    dst port: 20158
    length: 36


====packet No. 239====
packet size: 70
Time: 112.73906
==ethernet:
    dst: 0x001e4fd7b890    src: 0x0024989c1349
    type: 0x0800
==IP:
Protocol: UDP(0x11)
source: 79.44.37.237    destination: 172.31.202.77
==UDP:
    source port: 4672    dst port: 20158
    length: 36


====packet No. 240====
packet size: 70
Time: 112.869851
==ethernet:
    dst: 0x001e4fd7b890    src: 0x0024989c1349
    type: 0x0800
==IP:
Protocol: UDP(0x11)
source: 213.37.158.101    destination: 172.31.202.77
==UDP:
    source port: 4665    dst port: 20158
    length: 36


====packet No. 241====
packet size: 80
Time: 115.595756
==ethernet:
    dst: 0x0024989c1349    src: 0x001e4fd7b890
    type: 0x0800
==IP:
Protocol: UDP(0x11)
source: 172.31.202.77    destination: 112.216.172.238
==UDP:
    source port: 20822    dst port: 4672
    length: 46


====packet No. 242====
packet size: 70
Time: 115.780669
==ethernet:
    dst: 0x001e4fd7b890    src: 0x0024989c1349
    type: 0x0800
==IP:
Protocol: UDP(0x11)
source: 112.216.172.238    destination: 172.31.202.77
==UDP:
    source port: 4672    dst port: 20822
    length: 36


====packet No. 243====
packet size: 48
Time: 121.678576
==ethernet:
    dst: 0x0024989c1349    src: 0x001e4fd7b890
    type: 0x0800
==IP:
Protocol: UDP(0x11)
source: 172.31.202.77    destination: 38.107.161.112
==UDP:
    source port: 15005    dst port: 4665
    length: 14


====packet No. 244====
packet size: 76
Time: 121.969764
==ethernet:
    dst: 0x001e4fd7b890    src: 0x0024989c1349
    type: 0x0800
==IP:
Protocol: UDP(0x11)
source: 38.107.161.112    destination: 172.31.202.77
==UDP:
    source port: 4665    dst port: 15005
    length: 42


====packet No. 246====
packet size: 80
Time: 127.763305
==ethernet:
    dst: 0x0024989c1349    src: 0x001e4fd7b890
    type: 0x0800
==IP:
Protocol: UDP(0x11)
source: 172.31.202.77    destination: 79.181.29.137
==UDP:
    source port: 20822    dst port: 4672
    length: 46


====packet No. 247====
packet size: 70
Time: 128.36314
==ethernet:
    dst: 0x001e4fd7b890    src: 0x0024989c1349
    type: 0x0800
==IP:
Protocol: UDP(0x11)
source: 79.181.29.137    destination: 172.31.202.77
==UDP:
    source port: 4672    dst port: 20822
    length: 36


====packet No. 248====
packet size: 48
Time: 131.818504
==ethernet:
    dst: 0x0024989c1349    src: 0x001e4fd7b890
    type: 0x0800
==IP:
Protocol: UDP(0x11)
source: 172.31.202.77    destination: 38.107.161.113
==UDP:
    source port: 15005    dst port: 4665
    length: 14


====packet No. 249====
packet size: 76
Time: 132.103044
==ethernet:
    dst: 0x001e4fd7b890    src: 0x0024989c1349
    type: 0x0800
==IP:
Protocol: UDP(0x11)
source: 38.107.161.113    destination: 172.31.202.77
==UDP:
    source port: 4665    dst port: 15005
    length: 42


====packet No. 250====
packet size: 48
Time: 136.888376
==ethernet:
    dst: 0x0024989c1349    src: 0x001e4fd7b890
    type: 0x0800
==IP:
Protocol: UDP(0x11)
source: 172.31.202.77    destination: 38.107.161.114
==UDP:
    source port: 15005    dst port: 4665
    length: 14


====packet No. 251====
packet size: 76
Time: 137.119412
==ethernet:
    dst: 0x001e4fd7b890    src: 0x0024989c1349
    type: 0x0800
==IP:
Protocol: UDP(0x11)
source: 38.107.161.114    destination: 172.31.202.77
==UDP:
    source port: 4665    dst port: 15005
    length: 42


