====packet No.1  at 0.000000(s)
    message type : KADEMLIA_REQ
    request type : 2
    target id    : f0bb5e254e5cbb36d3125bcc558281b5
    recipient id : ecb70f255fb9146402f97ddfa6ef3397


====packet No.2  at 0.000097(s)
    message type : KADEMLIA_REQ
    request type : 2
    target id    : f0bb5e254e5cbb36d3125bcc558281b5
    recipient id : 10c7d225184ae3cd64d8114e2c1f8dcc


====packet No.3  at 0.000160(s)
    message type : KADEMLIA_REQ
    request type : 2
    target id    : f0bb5e254e5cbb36d3125bcc558281b5
    recipient id : 8bcd9625ae86cdd270a2f2744b8f2af3


====packet No.4  at 0.000209(s)
    message type : KADEMLIA_REQ
    request type : 2
    target id    : f0bb5e254e5cbb36d3125bcc558281b5
    recipient id : 24939425427762c4948ea7af1a31f5a0


====packet No.5  at 0.000258(s)
    message type : KADEMLIA_REQ
    request type : 2
    target id    : f0bb5e254e5cbb36d3125bcc558281b5
    recipient id : e7198625aa3fa61fa8101306e3b4d779


====packet No.6  at 0.000306(s)
    message type : KADEMLIA_REQ
    request type : 2
    target id    : f0bb5e254e5cbb36d3125bcc558281b5
    recipient id : 71dc6b2d028d88cea06c9af3422f713b


====packet No.7  at 0.000356(s)
    message type : KADEMLIA2_REQ
    request type : 2
    target id    : f0bb5e254e5cbb36d3125bcc558281b5
    recipient id : a7e8fc3513052698758c457d3df51c4c


====packet No.8  at 0.000418(s)
    message type : KADEMLIA2_REQ
    request type : 2
    target id    : f0bb5e254e5cbb36d3125bcc558281b5
    recipient id : 0785fd35ad302b8e89d24b6e2ab58d79


====packet No.9  at 0.000465(s)
    message type : KADEMLIA_REQ
    request type : 2
    target id    : f0bb5e254e5cbb36d3125bcc558281b5
    recipient id : 9c9d103d3742b548111e6a5d3bc5e3e9


====packet No.10  at 0.024286(s)


====packet No.11  at 0.276100(s)
    message type : KADEMLIA_RES
    target id : f0bb5e254e5cbb36d3125bcc558281b5
    peer list size : 2
      peer[0/2]
        peer id : 0fe54124b7366f5239f3bd4952313e12
        ip : 42.155.14.14
        udp port : 122
        tcp port : 122
        kad version : 0
      peer[1/2]
        peer id : 0fe5412463b0a75347d92797d8660eb9
        ip : 216.151.14.14
        udp port : 123
        tcp port : 123
        kad version : 0


====packet No.12  at 0.276315(s)


====packet No.13  at 0.452634(s)
    message type : KADEMLIA_RES
    target id : f0bb5e254e5cbb36d3125bcc558281b5
    peer list size : 2
      peer[0/2]
        peer id : d4865a257355867c2f75b7e285ad7ddc
        ip : 183.5.171.171
        udp port : 140
        tcp port : 138
        kad version : 2
      peer[1/2]
        peer id : 81db5a25f3b672887ec804f16b41877f
        ip : 201.188.104.104
        udp port : 133
        tcp port : 162
        kad version : 2


====packet No.14  at 0.452795(s)


====packet No.15  at 0.540767(s)
    message type : KADEMLIA2_RES
    target id : f0bb5e254e5cbb36d3125bcc558281b5
    peer list size : 2
      peer[0/2]
        peer id : c5f65d253775c2b099673d7690ff8318
        ip : 133.134.64.64
        udp port : 216
        tcp port : 242
        kad version : 8
      peer[1/2]
        peer id : 91510925002ee6d702048493443791e7
        ip : 250.239.40.40
        udp port : 123
        tcp port : 81
        kad version : 9


====packet No.16  at 0.540997(s)


====packet No.17  at 0.715780(s)


====packet No.18  at 0.715936(s)


====packet No.19  at 0.761669(s)
    message type : KADEMLIA_RES
    target id : f0bb5e254e5cbb36d3125bcc558281b5
    peer list size : 2
      peer[0/2]
        peer id : a7236325f635c73dd3cc8b076d3259ce
        ip : 9.9.111.111
        udp port : 14
        tcp port : 26
        kad version : 0
      peer[1/2]
        peer id : f1210c256abe2b06bc1bcfeba694def7
        ip : 242.246.1.1
        udp port : 200
        tcp port : 73
        kad version : 2


====packet No.20  at 0.761886(s)


====packet No.21  at 0.957442(s)
    message type : KADEMLIA_RES
    target id : f0bb5e254e5cbb36d3125bcc558281b5
    peer list size : 2
      peer[0/2]
        peer id : b5ae5e256fa16fdf6298883e0db9fa60
        ip : 150.65.182.182
        udp port : 249
        tcp port : 247
        kad version : 1
      peer[1/2]
        peer id : 7b385d259737f00da13e54598c5d7e7e
        ip : 50.112.23.23
        udp port : 106
        tcp port : 30
        kad version : 1


====packet No.22  at 0.957685(s)


====packet No.23  at 2.046098(s)
    message type : KADEMLIA_REQ
    request type : 2
    target id    : f0bb5e254e5cbb36d3125bcc558281b5
    recipient id : b5ae5e256fa16fdf6298883e0db9fa60


====packet No.24  at 2.046175(s)
    message type : KADEMLIA2_REQ
    request type : 2
    target id    : f0bb5e254e5cbb36d3125bcc558281b5
    recipient id : c5f65d253775c2b099673d7690ff8318


====packet No.25  at 2.046238(s)
    message type : KADEMLIA_REQ
    request type : 2
    target id    : f0bb5e254e5cbb36d3125bcc558281b5
    recipient id : 7b385d259737f00da13e54598c5d7e7e


====packet No.26  at 2.046299(s)
    message type : KADEMLIA2_REQ
    request type : 2
    target id    : f0bb5e254e5cbb36d3125bcc558281b5
    recipient id : d4865a257355867c2f75b7e285ad7ddc


====packet No.27  at 2.046362(s)
    message type : KADEMLIA2_REQ
    request type : 2
    target id    : f0bb5e254e5cbb36d3125bcc558281b5
    recipient id : 81db5a25f3b672887ec804f16b41877f


====packet No.28  at 2.046444(s)
    message type : KADEMLIA_REQ
    request type : 2
    target id    : f0bb5e254e5cbb36d3125bcc558281b5
    recipient id : a7236325f635c73dd3cc8b076d3259ce


====packet No.29  at 2.046504(s)
    message type : KADEMLIA2_REQ
    request type : 2
    target id    : f0bb5e254e5cbb36d3125bcc558281b5
    recipient id : f1210c256abe2b06bc1bcfeba694def7


====packet No.30  at 2.046564(s)
    message type : KADEMLIA2_REQ
    request type : 2
    target id    : f0bb5e254e5cbb36d3125bcc558281b5
    recipient id : 91510925002ee6d702048493443791e7


====packet No.31  at 2.046623(s)
    message type : KADEMLIA_REQ
    request type : 2
    target id    : f0bb5e254e5cbb36d3125bcc558281b5
    recipient id : 0fe54124b7366f5239f3bd4952313e12


====packet No.32  at 2.228157(s)


====packet No.33  at 2.228317(s)


====packet No.34  at 2.251842(s)
    message type : KADEMLIA_RES
    target id : f0bb5e254e5cbb36d3125bcc558281b5
    peer list size : 2
      peer[0/2]
        peer id : f8925e25bf4b7f047a247d4114b78a8e
        ip : 252.163.23.23
        udp port : 251
        tcp port : 241
        kad version : 1
      peer[1/2]
        peer id : 59da5e25920d7897f47c65104e9a4cee
        ip : 133.137.147.147
        udp port : 20
        tcp port : 55
        kad version : 0


====packet No.35  at 2.252096(s)


====packet No.36  at 2.440888(s)
    message type : KADEMLIA2_RES
    target id : f0bb5e254e5cbb36d3125bcc558281b5
    peer list size : 2
      peer[0/2]
        peer id : 404f4c25390fd85cd232db64f3517e35
        ip : 70.128.58.58
        udp port : 67
        tcp port : 57
        kad version : 9
      peer[1/2]
        peer id : da7a47250025e307a9e58d56774e2575
        ip : 106.32.57.57
        udp port : 231
        tcp port : 189
        kad version : 9


====packet No.37  at 2.441135(s)


====packet No.38  at 2.491205(s)
    message type : KADEMLIA2_RES
    target id : f0bb5e254e5cbb36d3125bcc558281b5
    peer list size : 2
      peer[0/2]
        peer id : b5ae5e256fa16fdf6298883e0db9fa60
        ip : 150.65.182.182
        udp port : 249
        tcp port : 247
        kad version : 7
      peer[1/2]
        peer id : 59da5e25920d7897f47c65104e9a4cee
        ip : 133.137.147.147
        udp port : 20
        tcp port : 55
        kad version : 8


====packet No.39  at 2.491396(s)


====packet No.40  at 2.516989(s)
    message type : KADEMLIA2_RES
    target id : f0bb5e254e5cbb36d3125bcc558281b5
    peer list size : 2
      peer[0/2]
        peer id : b5ae5e256fa16fdf6298883e0db9fa60
        ip : 150.65.182.182
        udp port : 249
        tcp port : 247
        kad version : 7
      peer[1/2]
        peer id : 189a5e2590994e1f35d69c68ce8ce83b
        ip : 148.107.57.57
        udp port : 61
        tcp port : 53
        kad version : 8


====packet No.41  at 2.517170(s)


====packet No.59  at 4.073254(s)
    message type : KADEMLIA2_REQ
    request type : 2
    target id    : f0bb5e254e5cbb36d3125bcc558281b5
    recipient id : 189a5e2590994e1f35d69c68ce8ce83b


====packet No.60  at 4.073302(s)
    message type : KADEMLIA_REQ
    request type : 2
    target id    : f0bb5e254e5cbb36d3125bcc558281b5
    recipient id : f8925e25bf4b7f047a247d4114b78a8e


====packet No.61  at 4.073349(s)
    message type : KADEMLIA_REQ
    request type : 2
    target id    : f0bb5e254e5cbb36d3125bcc558281b5
    recipient id : 59da5e25920d7897f47c65104e9a4cee


====packet No.62  at 4.073412(s)
    message type : KADEMLIA2_REQ
    request type : 2
    target id    : f0bb5e254e5cbb36d3125bcc558281b5
    recipient id : 404f4c25390fd85cd232db64f3517e35


====packet No.63  at 4.073457(s)
    message type : KADEMLIA2_REQ
    request type : 2
    target id    : f0bb5e254e5cbb36d3125bcc558281b5
    recipient id : da7a47250025e307a9e58d56774e2575


====packet No.64  at 4.073502(s)
    message type : KADEMLIA_REQ
    request type : 2
    target id    : f0bb5e254e5cbb36d3125bcc558281b5
    recipient id : 0fe5412463b0a75347d92797d8660eb9


====packet No.65  at 4.073552(s)
    message type : KADEMLIA_REQ
    request type : 2
    target id    : f0bb5e254e5cbb36d3125bcc558281b5
    recipient id : c193083d4dde414f5ad4a1b5a3f81654


====packet No.66  at 4.073599(s)
    message type : KADEMLIA_REQ
    request type : 2
    target id    : f0bb5e254e5cbb36d3125bcc558281b5
    recipient id : 33df393d334c2fe4381d9ed594a44674


====packet No.67  at 4.073636(s)
    message type : KADEMLIA2_REQ
    request type : 2
    target id    : f0bb5e254e5cbb36d3125bcc558281b5
    recipient id : 8b5ac23d3c5804db3124d1b88296bddb


====packet No.69  at 4.131203(s)
    message type : KADEMLIA_RES
    target id : f0bb5e254e5cbb36d3125bcc558281b5
    peer list size : 2
      peer[0/2]
        peer id : b5ae5e256fa16fdf6298883e0db9fa60
        ip : 150.65.182.182
        udp port : 249
        tcp port : 247
        kad version : 0
      peer[1/2]
        peer id : dfdf5e25961855673a7bf23f69ffa7e0
        ip : 10.66.34.34
        udp port : 251
        tcp port : 210
        kad version : 1


====packet No.70  at 4.131395(s)


====packet No.71  at 4.167918(s)
    message type : KADEMLIA_RES
    target id : f0bb5e254e5cbb36d3125bcc558281b5
    peer list size : 2
      peer[0/2]
        peer id : b5ae5e256fa16fdf6298883e0db9fa60
        ip : 150.65.182.182
        udp port : 249
        tcp port : 247
        kad version : 1
      peer[1/2]
        peer id : 59da5e25920d7897f47c65104e9a4cee
        ip : 133.137.147.147
        udp port : 20
        tcp port : 55
        kad version : 0


====packet No.72  at 4.168091(s)


====packet No.77  at 4.339623(s)
    message type : KADEMLIA_RES
    target id : f0bb5e254e5cbb36d3125bcc558281b5
    peer list size : 2
      peer[0/2]
        peer id : c9576625b2956ffd1cdd26c87d650ceb
        ip : 4.59.241.241
        udp port : 92
        tcp port : 134
        kad version : 0
      peer[1/2]
        peer id : 161f9a259204500b85a4435f34f09245
        ip : 82.211.15.15
        udp port : 11
        tcp port : 254
        kad version : 0


====packet No.78  at 4.339822(s)


====packet No.81  at 4.553791(s)
    message type : KADEMLIA2_RES
    target id : f0bb5e254e5cbb36d3125bcc558281b5
    peer list size : 2
      peer[0/2]
        peer id : 428a58254a9c8b24cca7ef93e5d1ba63
        ip : 83.219.245.245
        udp port : 101
        tcp port : 78
        kad version : 4
      peer[1/2]
        peer id : ffa95025e1524008c0c652128ad11f02
        ip : 44.32.219.219
        udp port : 138
        tcp port : 185
        kad version : 4


====packet No.82  at 4.554035(s)


====packet No.109  at 6.101308(s)
    message type : KADEMLIA_REQ
    request type : 2
    target id    : f0bb5e254e5cbb36d3125bcc558281b5
    recipient id : dfdf5e25961855673a7bf23f69ffa7e0


====packet No.110  at 6.101373(s)
    message type : KADEMLIA2_REQ
    request type : 2
    target id    : f0bb5e254e5cbb36d3125bcc558281b5
    recipient id : 428a58254a9c8b24cca7ef93e5d1ba63


====packet No.111  at 6.101422(s)
    message type : KADEMLIA2_REQ
    request type : 2
    target id    : f0bb5e254e5cbb36d3125bcc558281b5
    recipient id : ffa95025e1524008c0c652128ad11f02


====packet No.112  at 6.101468(s)
    message type : KADEMLIA_REQ
    request type : 2
    target id    : f0bb5e254e5cbb36d3125bcc558281b5
    recipient id : c9576625b2956ffd1cdd26c87d650ceb


====packet No.113  at 6.101514(s)
    message type : KADEMLIA_REQ
    request type : 2
    target id    : f0bb5e254e5cbb36d3125bcc558281b5
    recipient id : 161f9a259204500b85a4435f34f09245


====packet No.114  at 6.101561(s)
    message type : KADEMLIA_REQ
    request type : 2
    target id    : f0bb5e254e5cbb36d3125bcc558281b5
    recipient id : bb1c903c7959d25cb8cb260d793647a8


====packet No.115  at 6.101614(s)
    message type : KADEMLIA2_REQ
    request type : 2
    target id    : f0bb5e254e5cbb36d3125bcc558281b5
    recipient id : cac5d40536d0cca930ff70f7b657e5d4


====packet No.116  at 6.101676(s)
    message type : KADEMLIA2_REQ
    request type : 2
    target id    : f0bb5e254e5cbb36d3125bcc558281b5
    recipient id : f1817d07b7826d185b8047abe0aaea24


====packet No.117  at 6.101722(s)
    message type : KADEMLIA2_REQ
    request type : 2
    target id    : f0bb5e254e5cbb36d3125bcc558281b5
    recipient id : da8f19078a074be02d5becc800fb7148


====packet No.118  at 6.102131(s)


====packet No.119  at 6.115736(s)
    message type : KADEMLIA2_RES
    target id : f0bb5e254e5cbb36d3125bcc558281b5
    peer list size : 2
      peer[0/2]
        peer id : 94275e25a795f3195c78f5a2f19d02bc
        ip : 61.228.223.223
        udp port : 179
        tcp port : 174
        kad version : 8
      peer[1/2]
        peer id : 73d75f25e5adb32e7a9a08aced2f0f67
        ip : 41.2.22.22
        udp port : 82
        tcp port : 240
        kad version : 8


====packet No.120  at 6.115914(s)


====packet No.121  at 6.135685(s)
    message type : KADEMLIA2_RES
    target id : f0bb5e254e5cbb36d3125bcc558281b5
    peer list size : 2
      peer[0/2]
        peer id : 5b8a5d25130657d013162951a5f7f3c3
        ip : 218.201.2.2
        udp port : 64
        tcp port : 54
        kad version : 8
      peer[1/2]
        peer id : 2e88ea2508807260328f7c631925ccbe
        ip : 15.203.3.3
        udp port : 43
        tcp port : 44
        kad version : 9


====packet No.122  at 6.135894(s)


====packet No.123  at 6.237701(s)
    message type : KADEMLIA_RES
    target id : f0bb5e254e5cbb36d3125bcc558281b5
    peer list size : 2
      peer[0/2]
        peer id : eca85c243ef4d0f1845b8bedc9c6ab55
        ip : 216.99.10.10
        udp port : 124
        tcp port : 152
        kad version : 0
      peer[1/2]
        peer id : 5bae4824cf888d7ca0383083ec5e78ca
        ip : 18.181.51.51
        udp port : 100
        tcp port : 138
        kad version : 0


====packet No.124  at 6.237939(s)


====packet No.125  at 6.284875(s)
    message type : KADEMLIA2_RES
    target id : f0bb5e254e5cbb36d3125bcc558281b5
    peer list size : 2
      peer[0/2]
        peer id : 42145e259e4654432e735c224fbeefe3
        ip : 57.36.64.64
        udp port : 150
        tcp port : 123
        kad version : 9
      peer[1/2]
        peer id : a1a25f253a70da695fac4da0bf34537f
        ip : 134.167.105.105
        udp port : 139
        tcp port : 129
        kad version : 8


====packet No.126  at 6.285109(s)


====packet No.127  at 6.465108(s)
    message type : KADEMLIA2_RES
    target id : f0bb5e254e5cbb36d3125bcc558281b5
    peer list size : 2
      peer[0/2]
        peer id : 05f64122e575c68d2a59a22f68b63c70
        ip : 101.207.139.139
        udp port : 191
        tcp port : 199
        kad version : 8
      peer[1/2]
        peer id : bb93772fc6e5ceead563979faeb575cc
        ip : 73.73.33.33
        udp port : 64
        tcp port : 54
        kad version : 9


====packet No.128  at 6.465331(s)


====packet No.129  at 6.711490(s)


====packet No.130  at 6.711651(s)


====packet No.131  at 6.726192(s)
    message type : KADEMLIA_RES
    target id : f0bb5e254e5cbb36d3125bcc558281b5
    peer list size : 2
      peer[0/2]
        peer id : b5ae5e256fa16fdf6298883e0db9fa60
        ip : 150.65.182.182
        udp port : 249
        tcp port : 247
        kad version : 2
      peer[1/2]
        peer id : 59da5e25920d7897f47c65104e9a4cee
        ip : 133.137.147.147
        udp port : 20
        tcp port : 55
        kad version : 1


====packet No.132  at 6.726437(s)


====packet No.133  at 8.129369(s)
    message type : KADEMLIA2_REQ
    request type : 2
    target id    : f0bb5e254e5cbb36d3125bcc558281b5
    recipient id : 94275e25a795f3195c78f5a2f19d02bc


====packet No.134  at 8.129449(s)
    message type : KADEMLIA2_REQ
    request type : 2
    target id    : f0bb5e254e5cbb36d3125bcc558281b5
    recipient id : 42145e259e4654432e735c224fbeefe3


====packet No.135  at 8.129514(s)
    message type : KADEMLIA2_REQ
    request type : 2
    target id    : f0bb5e254e5cbb36d3125bcc558281b5
    recipient id : a1a25f253a70da695fac4da0bf34537f


====packet No.136  at 8.129576(s)
    message type : KADEMLIA2_REQ
    request type : 2
    target id    : f0bb5e254e5cbb36d3125bcc558281b5
    recipient id : 73d75f25e5adb32e7a9a08aced2f0f67


====packet No.137  at 8.129637(s)
    message type : KADEMLIA2_REQ
    request type : 2
    target id    : f0bb5e254e5cbb36d3125bcc558281b5
    recipient id : 5b8a5d25130657d013162951a5f7f3c3


====packet No.138  at 8.129698(s)
    message type : KADEMLIA2_REQ
    request type : 2
    target id    : f0bb5e254e5cbb36d3125bcc558281b5
    recipient id : 2e88ea2508807260328f7c631925ccbe


====packet No.139  at 8.129758(s)
    message type : KADEMLIA_REQ
    request type : 2
    target id    : f0bb5e254e5cbb36d3125bcc558281b5
    recipient id : eca85c243ef4d0f1845b8bedc9c6ab55


====packet No.140  at 8.129819(s)
    message type : KADEMLIA_REQ
    request type : 2
    target id    : f0bb5e254e5cbb36d3125bcc558281b5
    recipient id : 5bae4824cf888d7ca0383083ec5e78ca


====packet No.141  at 8.129881(s)
    message type : KADEMLIA2_REQ
    request type : 2
    target id    : f0bb5e254e5cbb36d3125bcc558281b5
    recipient id : 05f64122e575c68d2a59a22f68b63c70


====packet No.142  at 8.228102(s)
    message type : KADEMLIA2_RES
    target id : f0bb5e254e5cbb36d3125bcc558281b5
    peer list size : 2
      peer[0/2]
        peer id : b5ae5e256fa16fdf6298883e0db9fa60
        ip : 150.65.182.182
        udp port : 249
        tcp port : 247
        kad version : 7
      peer[1/2]
        peer id : 59da5e25920d7897f47c65104e9a4cee
        ip : 133.137.147.147
        udp port : 20
        tcp port : 55
        kad version : 8


====packet No.143  at 8.228326(s)


====packet No.146  at 8.576918(s)
    message type : KADEMLIA2_RES
    target id : f0bb5e254e5cbb36d3125bcc558281b5
    peer list size : 2
      peer[0/2]
        peer id : 3ee157254181194520cf974b33fd983c
        ip : 205.87.147.147
        udp port : 243
        tcp port : 205
        kad version : 9
      peer[1/2]
        peer id : 551048255929af1d1dbc3e5f98d1b8da
        ip : 202.87.35.35
        udp port : 3
        tcp port : 230
        kad version : 4


====packet No.147  at 8.577146(s)


====packet No.148  at 8.611420(s)
    message type : KADEMLIA_RES
    target id : f0bb5e254e5cbb36d3125bcc558281b5
    peer list size : 2
      peer[0/2]
        peer id : 59da5e25920d7897f47c65104e9a4cee
        ip : 133.137.147.147
        udp port : 20
        tcp port : 55
        kad version : 0
      peer[1/2]
        peer id : 81db5a25f3b672887ec804f16b41877f
        ip : 201.188.104.104
        udp port : 133
        tcp port : 162
        kad version : 0


====packet No.149  at 8.611601(s)


====packet No.150  at 8.724173(s)
    message type : KADEMLIA2_RES
    target id : f0bb5e254e5cbb36d3125bcc558281b5
    peer list size : 2
      peer[0/2]
        peer id : b5ae5e256fa16fdf6298883e0db9fa60
        ip : 150.65.182.182
        udp port : 249
        tcp port : 247
        kad version : 7
      peer[1/2]
        peer id : 59da5e25920d7897f47c65104e9a4cee
        ip : 133.137.147.147
        udp port : 20
        tcp port : 55
        kad version : 8


====packet No.151  at 8.724391(s)


====packet No.170  at 9.510873(s)


====packet No.171  at 9.510972(s)


====packet No.173  at 9.547167(s)
    message type : KADEMLIA_RES
    target id : f0bb5e254e5cbb36d3125bcc558281b5
    peer list size : 2
      peer[0/2]
        peer id : 84145d25323de185ef69a48061167a4e
        ip : 42.107.4.4
        udp port : 213
        tcp port : 211
        kad version : 2
      peer[1/2]
        peer id : 355a5525bed07cf30d5469cf7504d0d6
        ip : 253.246.198.198
        udp port : 44
        tcp port : 106
        kad version : 0


====packet No.174  at 9.547328(s)


====packet No.245  at 11.172967(s)
    message type : KADEMLIA2_REQ
    request type : 2
    target id    : f0bb5e254e5cbb36d3125bcc558281b5
    recipient id : 84145d25323de185ef69a48061167a4e


====packet No.246  at 11.173052(s)
    message type : KADEMLIA2_REQ
    request type : 2
    target id    : f0bb5e254e5cbb36d3125bcc558281b5
    recipient id : 3ee157254181194520cf974b33fd983c


====packet No.247  at 11.173118(s)
    message type : KADEMLIA_REQ
    request type : 2
    target id    : f0bb5e254e5cbb36d3125bcc558281b5
    recipient id : 355a5525bed07cf30d5469cf7504d0d6


====packet No.248  at 11.173182(s)
    message type : KADEMLIA2_REQ
    request type : 2
    target id    : f0bb5e254e5cbb36d3125bcc558281b5
    recipient id : 551048255929af1d1dbc3e5f98d1b8da


====packet No.249  at 11.173250(s)
    message type : KADEMLIA2_REQ
    request type : 2
    target id    : f0bb5e254e5cbb36d3125bcc558281b5
    recipient id : bb93772fc6e5ceead563979faeb575cc


====packet No.250  at 11.177105(s)
    message type : KADEMLIA2_REQ
    request type : 2
    target id    : f0bb5e254e5cbb36d3125bcc558281b5
    recipient id : 93291907e17ea5342d379ba03559519b


====packet No.251  at 11.177181(s)
    message type : KADEMLIA2_REQ
    request type : 2
    target id    : f0bb5e254e5cbb36d3125bcc558281b5
    recipient id : a0000a0745ddac60c8e05a9595596c0c


====packet No.252  at 11.177246(s)
    message type : KADEMLIA2_REQ
    request type : 2
    target id    : f0bb5e254e5cbb36d3125bcc558281b5
    recipient id : 06420b07989024f5bc8cb80cd86f7a95


====packet No.253  at 11.177331(s)
    message type : KADEMLIA2_REQ
    request type : 2
    target id    : f0bb5e254e5cbb36d3125bcc558281b5
    recipient id : 4d8b6f0d3fba6be012b9f66101bf34a7


====packet No.255  at 11.193463(s)
    message type : KADEMLIA2_RES
    target id : f0bb5e254e5cbb36d3125bcc558281b5
    peer list size : 2
      peer[0/2]
        peer id : 390e112461d9a904ef0a6335a7fa7d65
        ip : 129.42.38.38
        udp port : 30
        tcp port : 92
        kad version : 4
      peer[1/2]
        peer id : c0727d2786fd4de9c95079faff95b245
        ip : 233.211.152.152
        udp port : 197
        tcp port : 89
        kad version : 9


====packet No.256  at 11.193626(s)


====packet No.257  at 11.210193(s)
    message type : KADEMLIA2_RES
    target id : f0bb5e254e5cbb36d3125bcc558281b5
    peer list size : 2
      peer[0/2]
        peer id : c23d5c2598bd4a7a4ddd41f6e1622ef9
        ip : 210.72.129.129
        udp port : 247
        tcp port : 37
        kad version : 9
      peer[1/2]
        peer id : f0785c2532f6acf5ae1241c65e78ca26
        ip : 27.16.214.214
        udp port : 38
        tcp port : 28
        kad version : 8


====packet No.258  at 11.210429(s)


====packet No.259  at 11.221399(s)
    message type : KADEMLIA2_RES
    target id : f0bb5e254e5cbb36d3125bcc558281b5
    peer list size : 2
      peer[0/2]
        peer id : f7da1925ae6d3a134c77a09dd12bf42f
        ip : 133.73.56.56
        udp port : 64
        tcp port : 35
        kad version : 9
      peer[1/2]
        peer id : 9dcc5826610700b420179e4f01316e18
        ip : 178.135.104.104
        udp port : 39
        tcp port : 37
        kad version : 7


====packet No.260  at 11.221548(s)


====packet No.264  at 11.374061(s)
    message type : KADEMLIA2_RES
    target id : f0bb5e254e5cbb36d3125bcc558281b5
    peer list size : 2
      peer[0/2]
        peer id : f8925e25bf4b7f047a247d4114b78a8e
        ip : 252.163.23.23
        udp port : 251
        tcp port : 241
        kad version : 8
      peer[1/2]
        peer id : 59da5e25920d7897f47c65104e9a4cee
        ip : 133.137.147.147
        udp port : 20
        tcp port : 55
        kad version : 8


====packet No.265  at 11.374266(s)


====packet No.266  at 11.607109(s)
    message type : KADEMLIA2_RES
    target id : f0bb5e254e5cbb36d3125bcc558281b5
    peer list size : 2
      peer[0/2]
        peer id : 7ac6552504a1e286d74e1fb7ae13f60c
        ip : 99.136.112.112
        udp port : 49
        tcp port : 67
        kad version : 9
      peer[1/2]
        peer id : c7344025b99ffb439b80d86f819adea3
        ip : 222.228.203.203
        udp port : 244
        tcp port : 176
        kad version : 7


====packet No.267  at 11.607353(s)


====packet No.268  at 11.759996(s)
    message type : KADEMLIA2_RES
    target id : f0bb5e254e5cbb36d3125bcc558281b5
    peer list size : 2
      peer[0/2]
        peer id : b5ae5e256fa16fdf6298883e0db9fa60
        ip : 150.65.182.182
        udp port : 249
        tcp port : 247
        kad version : 7
      peer[1/2]
        peer id : 59da5e25920d7897f47c65104e9a4cee
        ip : 133.137.147.147
        udp port : 20
        tcp port : 55
        kad version : 8


====packet No.269  at 11.760208(s)


====packet No.271  at 13.199593(s)
    message type : KADEMLIA2_REQ
    request type : 2
    target id    : f0bb5e254e5cbb36d3125bcc558281b5
    recipient id : c23d5c2598bd4a7a4ddd41f6e1622ef9


====packet No.272  at 13.199674(s)
    message type : KADEMLIA2_REQ
    request type : 2
    target id    : f0bb5e254e5cbb36d3125bcc558281b5
    recipient id : f0785c2532f6acf5ae1241c65e78ca26


====packet No.273  at 13.199747(s)
    message type : KADEMLIA2_REQ
    request type : 2
    target id    : f0bb5e254e5cbb36d3125bcc558281b5
    recipient id : 7ac6552504a1e286d74e1fb7ae13f60c


====packet No.274  at 13.199808(s)
    message type : KADEMLIA2_REQ
    request type : 2
    target id    : f0bb5e254e5cbb36d3125bcc558281b5
    recipient id : c7344025b99ffb439b80d86f819adea3


====packet No.275  at 13.199869(s)
    message type : KADEMLIA2_REQ
    request type : 2
    target id    : f0bb5e254e5cbb36d3125bcc558281b5
    recipient id : f7da1925ae6d3a134c77a09dd12bf42f


====packet No.276  at 13.199929(s)
    message type : KADEMLIA2_REQ
    request type : 2
    target id    : f0bb5e254e5cbb36d3125bcc558281b5
    recipient id : 390e112461d9a904ef0a6335a7fa7d65


====packet No.277  at 13.199993(s)
    message type : KADEMLIA2_REQ
    request type : 2
    target id    : f0bb5e254e5cbb36d3125bcc558281b5
    recipient id : c0727d2786fd4de9c95079faff95b245


====packet No.278  at 13.200070(s)
    message type : KADEMLIA2_REQ
    request type : 2
    target id    : f0bb5e254e5cbb36d3125bcc558281b5
    recipient id : 9dcc5826610700b420179e4f01316e18


====packet No.279  at 13.200130(s)
    message type : KADEMLIA2_REQ
    request type : 2
    target id    : f0bb5e254e5cbb36d3125bcc558281b5
    recipient id : 329c250d828c265304751eb09b241ffb


====packet No.280  at 13.483598(s)
    message type : KADEMLIA2_RES
    target id : f0bb5e254e5cbb36d3125bcc558281b5
    peer list size : 2
      peer[0/2]
        peer id : b5ae5e256fa16fdf6298883e0db9fa60
        ip : 150.65.182.182
        udp port : 249
        tcp port : 247
        kad version : 7
      peer[1/2]
        peer id : 59da5e25920d7897f47c65104e9a4cee
        ip : 133.137.147.147
        udp port : 20
        tcp port : 55
        kad version : 8


====packet No.281  at 13.483793(s)


====packet No.282  at 13.616598(s)
    message type : KADEMLIA2_RES
    target id : f0bb5e254e5cbb36d3125bcc558281b5
    peer list size : 2
      peer[0/2]
        peer id : 59da5e25920d7897f47c65104e9a4cee
        ip : 133.137.147.147
        udp port : 20
        tcp port : 55
        kad version : 8
      peer[1/2]
        peer id : a1155e255d9b46d78f8d39d2dfbeb033
        ip : 140.96.28.28
        udp port : 242
        tcp port : 94
        kad version : 9


====packet No.283  at 13.616818(s)


====packet No.285  at 15.227683(s)
    message type : KADEMLIA2_REQ
    request type : 2
    target id    : f0bb5e254e5cbb36d3125bcc558281b5
    recipient id : a1155e255d9b46d78f8d39d2dfbeb033


====packet No.286  at 15.227750(s)
    message type : KADEMLIA_REQ
    request type : 2
    target id    : f0bb5e254e5cbb36d3125bcc558281b5
    recipient id : 2bdbe60d4d332d77f5e78f85dea373f4


====packet No.287  at 15.227829(s)
    message type : KADEMLIA2_REQ
    request type : 2
    target id    : f0bb5e254e5cbb36d3125bcc558281b5
    recipient id : 62c6db12e8aa02e5b21103fda360d8df


====packet No.288  at 15.227885(s)
    message type : KADEMLIA2_REQ
    request type : 2
    target id    : f0bb5e254e5cbb36d3125bcc558281b5
    recipient id : 5921d212846e3152200a388fb3438237


====packet No.289  at 15.227939(s)
    message type : KADEMLIA2_REQ
    request type : 2
    target id    : f0bb5e254e5cbb36d3125bcc558281b5
    recipient id : de2ec312ebc191c1eabda021010375c2


====packet No.290  at 15.227992(s)
    message type : KADEMLIA2_REQ
    request type : 2
    target id    : f0bb5e254e5cbb36d3125bcc558281b5
    recipient id : 7d50fa12619ca2580edc4c8278303086


====packet No.291  at 15.228062(s)
    message type : KADEMLIA2_REQ
    request type : 2
    target id    : f0bb5e254e5cbb36d3125bcc558281b5
    recipient id : 2dc3f812dbfd1d9b1d4c5e0f3a50b9f5


====packet No.292  at 15.228116(s)
    message type : KADEMLIA2_REQ
    request type : 2
    target id    : f0bb5e254e5cbb36d3125bcc558281b5
    recipient id : d819711b0b978e0f469c56b741d3ac87


====packet No.293  at 15.249379(s)
    message type : KADEMLIA2_RES
    target id : f0bb5e254e5cbb36d3125bcc558281b5
    peer list size : 2
      peer[0/2]
        peer id : fefac825d60faf6ff7de39122bf033fc
        ip : 97.106.24.24
        udp port : 220
        tcp port : 219
        kad version : 9
      peer[1/2]
        peer id : d7034927baf9424afbe49e7df602dad0
        ip : 229.16.25.25
        udp port : 0
        tcp port : 190
        kad version : 9


====packet No.294  at 15.249599(s)


====packet No.295  at 15.264364(s)
    message type : KADEMLIA2_RES
    target id : f0bb5e254e5cbb36d3125bcc558281b5
    peer list size : 2
      peer[0/2]
        peer id : 4c4ca5332f26f25860a53bed73c0b4ac
        ip : 212.91.249.249
        udp port : 220
        tcp port : 218
        kad version : 7
      peer[1/2]
        peer id : 81805732c92c7444f841b7e28003bded
        ip : 115.250.35.35
        udp port : 106
        tcp port : 154
        kad version : 9


====packet No.296  at 15.264494(s)


====packet No.298  at 15.714826(s)
    message type : KADEMLIA2_RES
    target id : f0bb5e254e5cbb36d3125bcc558281b5
    peer list size : 2
      peer[0/2]
        peer id : a204a425516f0ffff979e03dada3e4cb
        ip : 176.36.133.133
        udp port : 118
        tcp port : 224
        kad version : 9
      peer[1/2]
        peer id : 34ead02451c72aa0c3fc7ac3533353c2
        ip : 229.125.41.41
        udp port : 57
        tcp port : 103
        kad version : 9


====packet No.299  at 15.715036(s)


====packet No.300  at 15.831161(s)
    message type : KADEMLIA2_RES
    target id : f0bb5e254e5cbb36d3125bcc558281b5
    peer list size : 2
      peer[0/2]
        peer id : b5ae5e256fa16fdf6298883e0db9fa60
        ip : 150.65.182.182
        udp port : 249
        tcp port : 247
        kad version : 7
      peer[1/2]
        peer id : 59da5e25920d7897f47c65104e9a4cee
        ip : 133.137.147.147
        udp port : 20
        tcp port : 55
        kad version : 8


====packet No.301  at 15.831366(s)


====packet No.324  at 17.255825(s)
    message type : KADEMLIA2_REQ
    request type : 2
    target id    : f0bb5e254e5cbb36d3125bcc558281b5
    recipient id : fefac825d60faf6ff7de39122bf033fc


====packet No.325  at 17.255900(s)
    message type : KADEMLIA2_REQ
    request type : 2
    target id    : f0bb5e254e5cbb36d3125bcc558281b5
    recipient id : a204a425516f0ffff979e03dada3e4cb


====packet No.326  at 17.255965(s)
    message type : KADEMLIA2_REQ
    request type : 2
    target id    : f0bb5e254e5cbb36d3125bcc558281b5
    recipient id : 836cc81b1192fbc7f64a21e08f25d0e9


====packet No.327  at 17.256030(s)
    message type : KADEMLIA2_REQ
    request type : 2
    target id    : f0bb5e254e5cbb36d3125bcc558281b5
    recipient id : e323851b97b732d109bf22b454e8ee04


====packet No.328  at 17.256092(s)
    message type : KADEMLIA2_REQ
    request type : 2
    target id    : f0bb5e254e5cbb36d3125bcc558281b5
    recipient id : 1c83b21b80c9e00c6625939a6b2e64de


====packet No.329  at 17.256154(s)
    message type : KADEMLIA2_REQ
    request type : 2
    target id    : f0bb5e254e5cbb36d3125bcc558281b5
    recipient id : 24b5b11bb74141df5c00d34a8b6d60e5


====packet No.330  at 17.256236(s)
    message type : KADEMLIA2_REQ
    request type : 2
    target id    : f0bb5e254e5cbb36d3125bcc558281b5
    recipient id : 97f9ae1b37858ddbc2e5c475db3e4dae


====packet No.331  at 17.256297(s)
    message type : KADEMLIA2_REQ
    request type : 2
    target id    : f0bb5e254e5cbb36d3125bcc558281b5
    recipient id : 3bb51c1aaf5fa5256bc570b679ea96f5


====packet No.332  at 17.256357(s)
    message type : KADEMLIA2_REQ
    request type : 2
    target id    : f0bb5e254e5cbb36d3125bcc558281b5
    recipient id : 89f22b6db44c1fff52eb0fa6f38e8d51


====packet No.338  at 17.445162(s)
    message type : KADEMLIA2_RES
    target id : f0bb5e254e5cbb36d3125bcc558281b5
    peer list size : 2
      peer[0/2]
        peer id : c7d6b32090591515c4af838615a9ec6e
        ip : 205.156.89.89
        udp port : 64
        tcp port : 54
        kad version : 8
      peer[1/2]
        peer id : 03c9c923a897412e8e272b942cb5e88c
        ip : 144.103.219.219
        udp port : 35
        tcp port : 56
        kad version : 9


====packet No.339  at 17.445377(s)


====packet No.344  at 17.614789(s)
    message type : KADEMLIA2_RES
    target id : f0bb5e254e5cbb36d3125bcc558281b5
    peer list size : 2
      peer[0/2]
        peer id : 4ece3725006690c37130f7abada5b39d
        ip : 127.11.121.121
        udp port : 64
        tcp port : 54
        kad version : 8
      peer[1/2]
        peer id : 7f1f3725b1f1acc733dc09766f00f16d
        ip : 167.51.46.46
        udp port : 84
        tcp port : 88
        kad version : 4


====packet No.345  at 17.614956(s)


====packet No.348  at 17.713991(s)
    message type : KADEMLIA2_RES
    target id : f0bb5e254e5cbb36d3125bcc558281b5
    peer list size : 2
      peer[0/2]
        peer id : 16d9092517ca48217dd513819c237ca2
        ip : 134.22.212.212
        udp port : 4
        tcp port : 3
        kad version : 9
      peer[1/2]
        peer id : 0c121224827b815fd60987eee5c477a2
        ip : 67.143.60.60
        udp port : 57
        tcp port : 54
        kad version : 9


====packet No.349  at 17.714206(s)


====packet No.351  at 17.812820(s)
    message type : KADEMLIA2_RES
    target id : f0bb5e254e5cbb36d3125bcc558281b5
    peer list size : 2
      peer[0/2]
        peer id : 2b17e52562fe52f896ebf72d07c04a66
        ip : 188.70.84.84
        udp port : 84
        tcp port : 89
        kad version : 9
      peer[1/2]
        peer id : c71dc22418e8d9532227914d77282561
        ip : 106.252.28.28
        udp port : 64
        tcp port : 54
        kad version : 8


====packet No.352  at 17.813027(s)


====packet No.363  at 18.270124(s)


====packet No.364  at 18.270330(s)


====packet No.367  at 19.283926(s)
    message type : KADEMLIA2_REQ
    request type : 2
    target id    : f0bb5e254e5cbb36d3125bcc558281b5
    recipient id : 16d9092517ca48217dd513819c237ca2


====packet No.368  at 19.283990(s)
    message type : KADEMLIA2_REQ
    request type : 2
    target id    : f0bb5e254e5cbb36d3125bcc558281b5
    recipient id : 4ece3725006690c37130f7abada5b39d


====packet No.369  at 19.284058(s)
    message type : KADEMLIA2_REQ
    request type : 2
    target id    : f0bb5e254e5cbb36d3125bcc558281b5
    recipient id : 7f1f3725b1f1acc733dc09766f00f16d


====packet No.370  at 19.284134(s)
    message type : KADEMLIA2_REQ
    request type : 2
    target id    : f0bb5e254e5cbb36d3125bcc558281b5
    recipient id : 2b17e52562fe52f896ebf72d07c04a66


====packet No.371  at 19.284194(s)
    message type : KADEMLIA2_REQ
    request type : 2
    target id    : f0bb5e254e5cbb36d3125bcc558281b5
    recipient id : c0c1c86d2e6ee95f9e96966f57aac64b


====packet No.372  at 19.284254(s)
    message type : KADEMLIA2_REQ
    request type : 2
    target id    : f0bb5e254e5cbb36d3125bcc558281b5
    recipient id : 071ee16d2438621b30159cc718ac41fa


====packet No.373  at 19.284314(s)
    message type : KADEMLIA2_REQ
    request type : 2
    target id    : f0bb5e254e5cbb36d3125bcc558281b5
    recipient id : ea6f9e6d1588b080b200e35d6c9c7e15


====packet No.374  at 19.284376(s)
    message type : KADEMLIA2_REQ
    request type : 2
    target id    : f0bb5e254e5cbb36d3125bcc558281b5
    recipient id : a936986de731cae7f96dcbf2845bfa83


====packet No.375  at 19.284453(s)
    message type : KADEMLIA2_REQ
    request type : 2
    target id    : f0bb5e254e5cbb36d3125bcc558281b5
    recipient id : ac7f916d9f50bd42d885ed1c582301e0


====packet No.376  at 19.307551(s)
    message type : KADEMLIA2_RES
    target id : f0bb5e254e5cbb36d3125bcc558281b5
    peer list size : 2
      peer[0/2]
        peer id : 189a5e2590994e1f35d69c68ce8ce83b
        ip : 148.107.57.57
        udp port : 61
        tcp port : 53
        kad version : 8
      peer[1/2]
        peer id : a1155e255d9b46d78f8d39d2dfbeb033
        ip : 140.96.28.28
        udp port : 242
        tcp port : 94
        kad version : 9


====packet No.377  at 19.307763(s)


====packet No.378  at 19.741243(s)
    message type : KADEMLIA2_RES
    target id : f0bb5e254e5cbb36d3125bcc558281b5
    peer list size : 2
      peer[0/2]
        peer id : 5a09da271fbba9020c416b55bcb07aa8
        ip : 241.1.37.37
        udp port : 70
        tcp port : 111
        kad version : 8
      peer[1/2]
        peer id : b5451d265631fdc2757d54e872e10284
        ip : 70.170.174.174
        udp port : 36
        tcp port : 34
        kad version : 7


====packet No.379  at 19.741464(s)


====packet No.380  at 19.806874(s)
    message type : KADEMLIA2_RES
    target id : f0bb5e254e5cbb36d3125bcc558281b5
    peer list size : 2
      peer[0/2]
        peer id : a75a5b25f87a44544ae33592a243b937
        ip : 222.105.71.71
        udp port : 91
        tcp port : 30
        kad version : 4
      peer[1/2]
        peer id : b89550259b653d90f860013c68e968cb
        ip : 248.240.55.55
        udp port : 124
        tcp port : 148
        kad version : 9


====packet No.381  at 19.807084(s)


====packet No.382  at 19.816800(s)
    message type : KADEMLIA2_RES
    target id : f0bb5e254e5cbb36d3125bcc558281b5
    peer list size : 2
      peer[0/2]
        peer id : 9ef90a2476ea2ed18cf498f590b4eae7
        ip : 191.250.42.42
        udp port : 250
        tcp port : 36
        kad version : 4
      peer[1/2]
        peer id : 46a99024c6c6694e22fa36b25b8f8049
        ip : 164.91.228.228
        udp port : 17
        tcp port : 77
        kad version : 9


====packet No.383  at 19.816937(s)


====packet No.384  at 20.252551(s)
    message type : KADEMLIA2_RES
    target id : f0bb5e254e5cbb36d3125bcc558281b5
    peer list size : 2
      peer[0/2]
        peer id : b5ae5e256fa16fdf6298883e0db9fa60
        ip : 150.65.182.182
        udp port : 249
        tcp port : 247
        kad version : 7
      peer[1/2]
        peer id : 59da5e25920d7897f47c65104e9a4cee
        ip : 133.137.147.147
        udp port : 20
        tcp port : 55
        kad version : 8


====packet No.385  at 20.252813(s)


====packet No.394  at 21.311963(s)
    message type : KADEMLIA2_REQ
    request type : 2
    target id    : f0bb5e254e5cbb36d3125bcc558281b5
    recipient id : a75a5b25f87a44544ae33592a243b937


====packet No.395  at 21.312042(s)
    message type : KADEMLIA2_REQ
    request type : 2
    target id    : f0bb5e254e5cbb36d3125bcc558281b5
    recipient id : b89550259b653d90f860013c68e968cb


====packet No.396  at 21.312106(s)
    message type : KADEMLIA2_REQ
    request type : 2
    target id    : f0bb5e254e5cbb36d3125bcc558281b5
    recipient id : 47de8c6df179e09cc6a822721e94490c


====packet No.397  at 21.312169(s)
    message type : KADEMLIA2_REQ
    request type : 2
    target id    : f0bb5e254e5cbb36d3125bcc558281b5
    recipient id : 8cf6ba6d2813f1daa836456d52ccd575


====packet No.398  at 21.312233(s)
    message type : KADEMLIA2_REQ
    request type : 2
    target id    : f0bb5e254e5cbb36d3125bcc558281b5
    recipient id : 20ab4a6c5d176b5e403616cbbc400e6d


====packet No.399  at 21.312295(s)
    message type : KADEMLIA2_REQ
    request type : 2
    target id    : f0bb5e254e5cbb36d3125bcc558281b5
    recipient id : c16a4a6c84f5fdc5116e9a7983f8f43c


====packet No.400  at 21.312356(s)
    message type : KADEMLIA2_REQ
    request type : 2
    target id    : f0bb5e254e5cbb36d3125bcc558281b5
    recipient id : 6cf3156cc3a42f6ad251ea946200f544


====packet No.401  at 21.312415(s)
    message type : KADEMLIA2_REQ
    request type : 2
    target id    : f0bb5e254e5cbb36d3125bcc558281b5
    recipient id : 9c940e6c30b3f61108ea40c9643d95a4


====packet No.402  at 21.312477(s)
    message type : KADEMLIA2_REQ
    request type : 2
    target id    : f0bb5e254e5cbb36d3125bcc558281b5
    recipient id : a5f90e6c35747604594b9d669a488969


====packet No.403  at 21.389355(s)
    message type : KADEMLIA2_RES
    target id : f0bb5e254e5cbb36d3125bcc558281b5
    peer list size : 2
      peer[0/2]
        peer id : 8aa73c21efd029a233fac7fc3db05813
        ip : 225.150.191.191
        udp port : 129
        tcp port : 128
        kad version : 9
      peer[1/2]
        peer id : bd91a921314fb957cffc0e06ab087b80
        ip : 63.37.181.181
        udp port : 64
        tcp port : 54
        kad version : 8


====packet No.404  at 21.389566(s)


====packet No.405  at 21.391168(s)
    message type : KADEMLIA2_RES
    target id : f0bb5e254e5cbb36d3125bcc558281b5
    peer list size : 2
      peer[0/2]
        peer id : c5b67027c033ab265b61acf3c2a55e50
        ip : 6.40.189.189
        udp port : 217
        tcp port : 207
        kad version : 4
      peer[1/2]
        peer id : 70a1c427280a72415aede99117dfea1a
        ip : 147.18.167.167
        udp port : 242
        tcp port : 199
        kad version : 8


====packet No.406  at 21.391282(s)


====packet No.407  at 21.519628(s)
    message type : KADEMLIA2_RES
    target id : f0bb5e254e5cbb36d3125bcc558281b5
    peer list size : 2
      peer[0/2]
        peer id : 42145e259e4654432e735c224fbeefe3
        ip : 57.36.64.64
        udp port : 150
        tcp port : 123
        kad version : 9
      peer[1/2]
        peer id : 62595e255d98ca87a2c937b254a6979a
        ip : 58.232.206.206
        udp port : 218
        tcp port : 246
        kad version : 4


====packet No.408  at 21.519888(s)


====packet No.409  at 21.710489(s)
    message type : KADEMLIA2_RES
    target id : f0bb5e254e5cbb36d3125bcc558281b5
    peer list size : 2
      peer[0/2]
        peer id : f1e87925d3d6709ea31b6b7b56fbac2d
        ip : 20.244.252.252
        udp port : 170
        tcp port : 169
        kad version : 9
      peer[1/2]
        peer id : ec5f25250d80e4ba1871fd90977a3620
        ip : 58.216.13.13
        udp port : 6
        tcp port : 4
        kad version : 0


====packet No.410  at 21.710727(s)


====packet No.411  at 21.794856(s)
    message type : KADEMLIA2_RES
    target id : f0bb5e254e5cbb36d3125bcc558281b5
    peer list size : 2
      peer[0/2]
        peer id : 3d961c25bd31e6782e16f24059b1e3cf
        ip : 157.64.131.131
        udp port : 141
        tcp port : 9
        kad version : 4
      peer[1/2]
        peer id : 73e1df25a6abe08ebaf959cdd960ad02
        ip : 134.78.37.37
        udp port : 64
        tcp port : 54
        kad version : 8


====packet No.412  at 21.795069(s)


====packet No.413  at 21.944120(s)
    message type : KADEMLIA2_RES
    target id : f0bb5e254e5cbb36d3125bcc558281b5
    peer list size : 2
      peer[0/2]
        peer id : 02ed372598d04994a877ee7d38614801
        ip : 88.120.36.36
        udp port : 91
        tcp port : 81
        kad version : 8
      peer[1/2]
        peer id : 55c1ea25c3d8030ed5bda71f2fdce9d3
        ip : 173.41.11.11
        udp port : 67
        tcp port : 93
        kad version : 9


====packet No.414  at 21.944350(s)


====packet No.416  at 23.339034(s)
    message type : KADEMLIA2_REQ
    request type : 2
    target id    : f0bb5e254e5cbb36d3125bcc558281b5
    recipient id : 62595e255d98ca87a2c937b254a6979a


====packet No.417  at 23.339116(s)
    message type : KADEMLIA2_REQ
    request type : 2
    target id    : f0bb5e254e5cbb36d3125bcc558281b5
    recipient id : f1e87925d3d6709ea31b6b7b56fbac2d


====packet No.418  at 23.339180(s)
    message type : KADEMLIA2_REQ
    request type : 2
    target id    : f0bb5e254e5cbb36d3125bcc558281b5
    recipient id : 3d961c25bd31e6782e16f24059b1e3cf


====packet No.419  at 23.339242(s)
    message type : KADEMLIA2_REQ
    request type : 2
    target id    : f0bb5e254e5cbb36d3125bcc558281b5
    recipient id : 02ed372598d04994a877ee7d38614801


====packet No.420  at 23.339305(s)
    message type : KADEMLIA_REQ
    request type : 2
    target id    : f0bb5e254e5cbb36d3125bcc558281b5
    recipient id : ec5f25250d80e4ba1871fd90977a3620


====packet No.421  at 23.339388(s)
    message type : KADEMLIA2_REQ
    request type : 2
    target id    : f0bb5e254e5cbb36d3125bcc558281b5
    recipient id : 73e1df25a6abe08ebaf959cdd960ad02


====packet No.422  at 23.339448(s)
    message type : KADEMLIA2_REQ
    request type : 2
    target id    : f0bb5e254e5cbb36d3125bcc558281b5
    recipient id : 73400e6cfe17282167f373b781b1d4b9


====packet No.423  at 23.339507(s)
    message type : KADEMLIA2_REQ
    request type : 2
    target id    : f0bb5e254e5cbb36d3125bcc558281b5
    recipient id : b4ac0f6c22d7bb9217d0d112500c8ff4


====packet No.424  at 23.364081(s)
    message type : KADEMLIA2_RES
    target id : f0bb5e254e5cbb36d3125bcc558281b5
    peer list size : 2
      peer[0/2]
        peer id : acdd5e2508a1a5750c428a99f8e5b1b5
        ip : 48.33.253.253
        udp port : 47
        tcp port : 45
        kad version : 7
      peer[1/2]
        peer id : 59da5e25920d7897f47c65104e9a4cee
        ip : 133.137.147.147
        udp port : 20
        tcp port : 55
        kad version : 8


====packet No.425  at 23.364295(s)


====packet No.426  at 23.454481(s)
    message type : KADEMLIA2_RES
    target id : f0bb5e254e5cbb36d3125bcc558281b5
    peer list size : 2
      peer[0/2]
        peer id : 81db5a25f3b672887ec804f16b41877f
        ip : 201.188.104.104
        udp port : 133
        tcp port : 162
        kad version : 9
      peer[1/2]
        peer id : 428a58254a9c8b24cca7ef93e5d1ba63
        ip : 62.10.22.22
        udp port : 102
        tcp port : 144
        kad version : 4


====packet No.427  at 23.454688(s)


====packet No.428  at 23.502727(s)
    message type : KADEMLIA2_RES
    target id : f0bb5e254e5cbb36d3125bcc558281b5
    peer list size : 2
      peer[0/2]
        peer id : 59da5e25920d7897f47c65104e9a4cee
        ip : 133.137.147.147
        udp port : 20
        tcp port : 55
        kad version : 8
      peer[1/2]
        peer id : 42145e259e4654432e735c224fbeefe3
        ip : 57.36.64.64
        udp port : 150
        tcp port : 123
        kad version : 9


====packet No.429  at 23.502922(s)


====packet No.430  at 23.901581(s)
    message type : KADEMLIA2_RES
    target id : f0bb5e254e5cbb36d3125bcc558281b5
    peer list size : 2
      peer[0/2]
        peer id : 42145e259e4654432e735c224fbeefe3
        ip : 57.36.64.64
        udp port : 150
        tcp port : 123
        kad version : 9
      peer[1/2]
        peer id : 4af75d258d9e9b49e575ebe699d85db2
        ip : 4.85.65.65
        udp port : 64
        tcp port : 54
        kad version : 8


====packet No.431  at 23.901811(s)


====packet No.446  at 25.367025(s)
    message type : KADEMLIA2_REQ
    request type : 2
    target id    : f0bb5e254e5cbb36d3125bcc558281b5
    recipient id : acdd5e2508a1a5750c428a99f8e5b1b5


====packet No.447  at 25.367100(s)
    message type : KADEMLIA2_REQ
    request type : 2
    target id    : f0bb5e254e5cbb36d3125bcc558281b5
    recipient id : 4af75d258d9e9b49e575ebe699d85db2


====packet No.449  at 25.871878(s)
    message type : KADEMLIA2_RES
    target id : f0bb5e254e5cbb36d3125bcc558281b5
    peer list size : 2
      peer[0/2]
        peer id : b5ae5e256fa16fdf6298883e0db9fa60
        ip : 150.65.182.182
        udp port : 249
        tcp port : 247
        kad version : 7
      peer[1/2]
        peer id : 59da5e25920d7897f47c65104e9a4cee
        ip : 133.137.147.147
        udp port : 20
        tcp port : 55
        kad version : 8


====packet No.450  at 25.875532(s)


====packet No.452  at 30.437801(s)


